2024-06-01 09:18:37,912 - INFO - Log directory: ./libcity/log
2024-06-01 09:18:37,912 - INFO - Begin pipeline, task=traffic_state_pred, model_name=GEML, dataset_name=NYCTAXI_OD, exp_id=15723
2024-06-01 09:18:37,912 - INFO - {'task': 'traffic_state_pred', 'model': 'GEML', 'dataset': 'NYCTAXI_OD', 'saved_model': True, 'train': True, 'seed': 0, 'gpu_id': 1, 'train_rate': 0.8, 'eval_rate': 0.1, 'max_epoch': 10, 'dataset_class': 'TrafficStateOdDataset', 'executor': 'GEMLExecutor', 'evaluator': 'TrafficStateEvaluator', 'embed_dim': 32, 'p_interval': 1, 'loss_p0': 0.5, 'loss_p1': 0.25, 'loss_p2': 0.25, 'scaler': 'minmax01', 'load_external': False, 'normal_external': False, 'ext_scaler': 'none', 'add_time_in_day': True, 'add_day_in_week': False, 'use_row_column': True, 'learner': 'adam', 'learning_rate': 0.001, 'weight_decay': 1e-06, 'lr_beta1': 0.9, 'lr_beta2': 0.999, 'lr_decay': False, 'clip_grad_norm': False, 'use_early_stop': True, 'patience': 50, 'batch_size': 64, 'cache_dataset': True, 'num_workers': 0, 'pad_with_last_sample': True, 'input_window': 5, 'output_window': 5, 'gpu': True, 'train_loss': 'none', 'epoch': 0, 'lr_epsilon': 1e-08, 'lr_alpha': 0.99, 'lr_momentum': 0, 'lr_scheduler': 'multisteplr', 'lr_decay_ratio': 0.1, 'steps': [5, 20, 40, 70], 'step_size': 10, 'lr_T_max': 30, 'lr_eta_min': 0, 'lr_patience': 10, 'lr_threshold': 0.0001, 'max_grad_norm': 1.0, 'log_level': 'INFO', 'log_every': 1, 'load_best_epoch': True, 'hyper_tune': False, 'metrics': ['MAE', 'MAPE', 'MSE', 'RMSE', 'masked_MAE', 'masked_MAPE', 'masked_MSE', 'masked_RMSE', 'R2', 'EVAR'], 'evaluator_mode': 'single', 'save_mode': ['csv'], 'geo': {'including_types': ['Polygon'], 'Polygon': {}}, 'od': {'including_types': ['state'], 'state': {'origin_id': 'geo_id', 'destination_id': 'geo_id', 'flow': 'num'}}, 'data_col': ['flow'], 'data_files': ['NYCTAXI202310-202403'], 'geo_file': 'NYCTAXI202310-202403', 'rel_file': 'NYCTAXI202310-202403', 'output_dim': 1, 'init_weight_inf_or_zero': 'inf', 'set_weight_link_or_dist': 'dist', 'calculate_weight_adj': True, 'weight_adj_epsilon': 0.1, 'time_intervals': 3600, 'device': device(type='cuda', index=1), 'exp_id': 15723}
2024-06-01 09:18:37,942 - INFO - Loaded file NYCTAXI202310-202403.geo, num_nodes=263
2024-06-01 09:18:37,960 - INFO - set_weight_link_or_dist: dist
2024-06-01 09:18:37,960 - INFO - init_weight_inf_or_zero: inf
2024-06-01 09:18:38,080 - INFO - Loaded file NYCTAXI202310-202403.rel, shape=(263, 263)
2024-06-01 09:18:38,080 - INFO - Start Calculate the weight by Gauss kernel!
2024-06-01 09:18:38,101 - INFO - set_weight_link_or_dist: dist
2024-06-01 09:18:38,101 - INFO - init_weight_inf_or_zero: inf
2024-06-01 09:18:38,224 - INFO - Loaded file NYCTAXI202310-202403.rel, shape=(263, 263)
2024-06-01 09:18:38,224 - INFO - Start Calculate the weight by Gauss kernel!
2024-06-01 09:18:38,225 - INFO - Loading ./libcity/cache/dataset_cache/od_based_NYCTAXI_OD_5_5_0.8_0.1_minmax01_64_False_True_False_True.npz
2024-06-01 09:19:20,131 - INFO - train	x: (3506, 5, 263, 263, 1), y: (3506, 5, 263, 263, 1)
2024-06-01 09:19:20,132 - INFO - eval	x: (438, 5, 263, 263, 1), y: (438, 5, 263, 263, 1)
2024-06-01 09:19:20,132 - INFO - test	x: (438, 5, 263, 263, 1), y: (438, 5, 263, 263, 1)
2024-06-01 09:19:23,199 - INFO - MinMax01Scaler max: 103.0, min: 0.0
2024-06-01 09:19:23,199 - INFO - NoneScaler
2024-06-01 09:20:18,289 - INFO - GEML(
  (GCN_ge): GCN(
    (gcn): ModuleList(
      (0-1): 2 x GraphConvolution(
        (activation): ReLU()
      )
    )
  )
  (GCN_se): GCN(
    (gcn): ModuleList(
      (0-1): 2 x GraphConvolution(
        (activation): ReLU()
      )
    )
  )
  (LSTM): SLSTM(
    (f_gate): Sequential(
      (0): Linear(in_features=128, out_features=64, bias=True)
      (1): Softmax(dim=1)
    )
    (i_gate): Sequential(
      (0): Linear(in_features=128, out_features=64, bias=True)
      (1): Softmax(dim=1)
    )
    (o_gate): Sequential(
      (0): Linear(in_features=128, out_features=64, bias=True)
      (1): Softmax(dim=1)
    )
    (g_gate): Sequential(
      (0): Linear(in_features=128, out_features=64, bias=True)
      (1): Tanh()
    )
    (tanh): Tanh()
  )
  (mutiLearning): MutiLearning()
)
2024-06-01 09:20:18,289 - INFO - GCN_ge.gcn.0.weight	torch.Size([263, 32])	cuda:1	True
2024-06-01 09:20:18,289 - INFO - GCN_ge.gcn.1.weight	torch.Size([32, 32])	cuda:1	True
2024-06-01 09:20:18,289 - INFO - GCN_se.gcn.0.weight	torch.Size([263, 32])	cuda:1	True
2024-06-01 09:20:18,289 - INFO - GCN_se.gcn.1.weight	torch.Size([32, 32])	cuda:1	True
2024-06-01 09:20:18,289 - INFO - LSTM.f_gate.0.weight	torch.Size([64, 128])	cuda:1	True
2024-06-01 09:20:18,289 - INFO - LSTM.f_gate.0.bias	torch.Size([64])	cuda:1	True
2024-06-01 09:20:18,289 - INFO - LSTM.i_gate.0.weight	torch.Size([64, 128])	cuda:1	True
2024-06-01 09:20:18,289 - INFO - LSTM.i_gate.0.bias	torch.Size([64])	cuda:1	True
2024-06-01 09:20:18,289 - INFO - LSTM.o_gate.0.weight	torch.Size([64, 128])	cuda:1	True
2024-06-01 09:20:18,289 - INFO - LSTM.o_gate.0.bias	torch.Size([64])	cuda:1	True
2024-06-01 09:20:18,289 - INFO - LSTM.g_gate.0.weight	torch.Size([64, 128])	cuda:1	True
2024-06-01 09:20:18,289 - INFO - LSTM.g_gate.0.bias	torch.Size([64])	cuda:1	True
2024-06-01 09:20:18,289 - INFO - mutiLearning.transition	torch.Size([64, 64])	cuda:1	True
2024-06-01 09:20:18,290 - INFO - mutiLearning.project_in	torch.Size([64, 1])	cuda:1	True
2024-06-01 09:20:18,290 - INFO - mutiLearning.project_out	torch.Size([64, 1])	cuda:1	True
2024-06-01 09:20:18,290 - INFO - Total parameter numbers: 56128
2024-06-01 09:20:18,290 - INFO - You select `adam` optimizer.
2024-06-01 09:20:18,290 - WARNING - Received none train loss func and will use the loss func defined in the model.
2024-06-01 09:20:18,290 - INFO - Start training ...
2024-06-01 09:20:18,290 - INFO - num_batches:55
2024-06-01 09:20:53,661 - INFO - epoch complete!
2024-06-01 09:20:53,661 - INFO - evaluating now!
2024-06-01 09:20:57,160 - INFO - Epoch [0/10] train_loss: 650.6029, val_loss: 745.3607, lr: 0.001000, 38.87s
2024-06-01 09:20:57,165 - INFO - Saved model at 0
2024-06-01 09:20:57,165 - INFO - Val loss decrease from inf to 745.3607, saving to ./libcity/cache/15723/model_cache/GEML_NYCTAXI_OD_epoch0.tar
2024-06-01 09:21:32,538 - INFO - epoch complete!
2024-06-01 09:21:32,539 - INFO - evaluating now!
2024-06-01 09:21:36,104 - INFO - Epoch [1/10] train_loss: 633.2622, val_loss: 745.0426, lr: 0.001000, 38.94s
2024-06-01 09:21:36,108 - INFO - Saved model at 1
2024-06-01 09:21:36,108 - INFO - Val loss decrease from 745.3607 to 745.0426, saving to ./libcity/cache/15723/model_cache/GEML_NYCTAXI_OD_epoch1.tar
2024-06-01 09:22:07,799 - INFO - epoch complete!
2024-06-01 09:22:07,799 - INFO - evaluating now!
2024-06-01 09:22:11,413 - INFO - Epoch [2/10] train_loss: 635.2168, val_loss: 752.6392, lr: 0.001000, 35.30s
2024-06-01 09:22:43,267 - INFO - epoch complete!
2024-06-01 09:22:43,268 - INFO - evaluating now!
2024-06-01 09:22:46,875 - INFO - Epoch [3/10] train_loss: 617.2538, val_loss: 701.3935, lr: 0.001000, 35.46s
2024-06-01 09:22:46,879 - INFO - Saved model at 3
2024-06-01 09:22:46,879 - INFO - Val loss decrease from 745.0426 to 701.3935, saving to ./libcity/cache/15723/model_cache/GEML_NYCTAXI_OD_epoch3.tar
2024-06-01 09:23:19,056 - INFO - epoch complete!
2024-06-01 09:23:19,057 - INFO - evaluating now!
2024-06-01 09:23:22,709 - INFO - Epoch [4/10] train_loss: 598.3444, val_loss: 706.0709, lr: 0.001000, 35.83s
2024-06-01 09:23:54,774 - INFO - epoch complete!
2024-06-01 09:23:54,774 - INFO - evaluating now!
2024-06-01 09:23:58,387 - INFO - Epoch [5/10] train_loss: 598.5200, val_loss: 690.1803, lr: 0.001000, 35.68s
2024-06-01 09:23:58,392 - INFO - Saved model at 5
2024-06-01 09:23:58,392 - INFO - Val loss decrease from 701.3935 to 690.1803, saving to ./libcity/cache/15723/model_cache/GEML_NYCTAXI_OD_epoch5.tar
