2024-06-01 12:26:10,882 - INFO - Log directory: ./libcity/log
2024-06-01 12:26:10,883 - INFO - Begin pipeline, task=traffic_state_pred, model_name=GEML, dataset_name=NYCTAXI_OD, exp_id=31019
2024-06-01 12:26:10,883 - INFO - {'task': 'traffic_state_pred', 'model': 'GEML', 'dataset': 'NYCTAXI_OD', 'saved_model': True, 'train': True, 'seed': 0, 'gpu_id': 1, 'train_rate': 0.8, 'eval_rate': 0.1, 'max_epoch': 30, 'dataset_class': 'TrafficStateOdDataset', 'executor': 'GEMLExecutor', 'evaluator': 'TrafficStateEvaluator', 'embed_dim': 64, 'p_interval': 1, 'loss_p0': 0.5, 'loss_p1': 0.25, 'loss_p2': 0.25, 'scaler': 'minmax01', 'load_external': False, 'normal_external': False, 'ext_scaler': 'none', 'add_time_in_day': True, 'add_day_in_week': False, 'use_row_column': True, 'learner': 'adam', 'learning_rate': 0.001, 'weight_decay': 1e-06, 'lr_beta1': 0.9, 'lr_beta2': 0.999, 'lr_decay': False, 'clip_grad_norm': False, 'use_early_stop': True, 'patience': 50, 'batch_size': 64, 'cache_dataset': True, 'num_workers': 0, 'pad_with_last_sample': True, 'input_window': 5, 'output_window': 5, 'gpu': True, 'train_loss': 'none', 'epoch': 0, 'lr_epsilon': 1e-08, 'lr_alpha': 0.99, 'lr_momentum': 0, 'lr_scheduler': 'multisteplr', 'lr_decay_ratio': 0.1, 'steps': [5, 20, 40, 70], 'step_size': 10, 'lr_T_max': 30, 'lr_eta_min': 0, 'lr_patience': 10, 'lr_threshold': 0.0001, 'max_grad_norm': 1.0, 'log_level': 'INFO', 'log_every': 1, 'load_best_epoch': True, 'hyper_tune': False, 'metrics': ['MAE', 'MAPE', 'MSE', 'RMSE', 'masked_MAE', 'masked_MAPE', 'masked_MSE', 'masked_RMSE', 'R2', 'EVAR'], 'evaluator_mode': 'single', 'save_mode': ['csv'], 'geo': {'including_types': ['Polygon'], 'Polygon': {}}, 'od': {'including_types': ['state'], 'state': {'origin_id': 'geo_id', 'destination_id': 'geo_id', 'flow': 'num'}}, 'data_col': ['flow'], 'data_files': ['NYCTAXI202310-202403'], 'geo_file': 'NYCTAXI202310-202403', 'rel_file': 'NYCTAXI202310-202403', 'output_dim': 1, 'init_weight_inf_or_zero': 'inf', 'set_weight_link_or_dist': 'dist', 'calculate_weight_adj': True, 'weight_adj_epsilon': 0.1, 'time_intervals': 3600, 'device': device(type='cuda', index=1), 'exp_id': 31019}
2024-06-01 12:26:10,913 - INFO - Loaded file NYCTAXI202310-202403.geo, num_nodes=263
2024-06-01 12:26:10,931 - INFO - set_weight_link_or_dist: dist
2024-06-01 12:26:10,931 - INFO - init_weight_inf_or_zero: inf
2024-06-01 12:26:11,054 - INFO - Loaded file NYCTAXI202310-202403.rel, shape=(263, 263)
2024-06-01 12:26:11,054 - INFO - Start Calculate the weight by Gauss kernel!
2024-06-01 12:26:11,075 - INFO - set_weight_link_or_dist: dist
2024-06-01 12:26:11,075 - INFO - init_weight_inf_or_zero: inf
2024-06-01 12:26:11,198 - INFO - Loaded file NYCTAXI202310-202403.rel, shape=(263, 263)
2024-06-01 12:26:11,198 - INFO - Start Calculate the weight by Gauss kernel!
2024-06-01 12:26:11,199 - INFO - Loading ./libcity/cache/dataset_cache/od_based_NYCTAXI_OD_5_5_0.8_0.1_minmax01_64_False_True_False_True.npz
2024-06-01 12:26:52,814 - INFO - train	x: (3506, 5, 263, 263, 1), y: (3506, 5, 263, 263, 1)
2024-06-01 12:26:52,814 - INFO - eval	x: (438, 5, 263, 263, 1), y: (438, 5, 263, 263, 1)
2024-06-01 12:26:52,814 - INFO - test	x: (438, 5, 263, 263, 1), y: (438, 5, 263, 263, 1)
2024-06-01 12:26:55,641 - INFO - MinMax01Scaler max: 103.0, min: 0.0
2024-06-01 12:26:55,641 - INFO - NoneScaler
2024-06-01 12:27:50,556 - INFO - GEML(
  (GCN_ge): GCN(
    (gcn): ModuleList(
      (0-1): 2 x GraphConvolution(
        (activation): ReLU()
      )
    )
  )
  (GCN_se): GCN(
    (gcn): ModuleList(
      (0-1): 2 x GraphConvolution(
        (activation): ReLU()
      )
    )
  )
  (LSTM): SLSTM(
    (f_gate): Sequential(
      (0): Linear(in_features=256, out_features=128, bias=True)
      (1): Softmax(dim=1)
    )
    (i_gate): Sequential(
      (0): Linear(in_features=256, out_features=128, bias=True)
      (1): Softmax(dim=1)
    )
    (o_gate): Sequential(
      (0): Linear(in_features=256, out_features=128, bias=True)
      (1): Softmax(dim=1)
    )
    (g_gate): Sequential(
      (0): Linear(in_features=256, out_features=128, bias=True)
      (1): Tanh()
    )
    (tanh): Tanh()
  )
  (mutiLearning): MutiLearning()
)
2024-06-01 12:27:50,556 - INFO - GCN_ge.gcn.0.weight	torch.Size([263, 64])	cuda:1	True
2024-06-01 12:27:50,556 - INFO - GCN_ge.gcn.1.weight	torch.Size([64, 64])	cuda:1	True
2024-06-01 12:27:50,556 - INFO - GCN_se.gcn.0.weight	torch.Size([263, 64])	cuda:1	True
2024-06-01 12:27:50,556 - INFO - GCN_se.gcn.1.weight	torch.Size([64, 64])	cuda:1	True
2024-06-01 12:27:50,556 - INFO - LSTM.f_gate.0.weight	torch.Size([128, 256])	cuda:1	True
2024-06-01 12:27:50,556 - INFO - LSTM.f_gate.0.bias	torch.Size([128])	cuda:1	True
2024-06-01 12:27:50,556 - INFO - LSTM.i_gate.0.weight	torch.Size([128, 256])	cuda:1	True
2024-06-01 12:27:50,556 - INFO - LSTM.i_gate.0.bias	torch.Size([128])	cuda:1	True
2024-06-01 12:27:50,556 - INFO - LSTM.o_gate.0.weight	torch.Size([128, 256])	cuda:1	True
2024-06-01 12:27:50,556 - INFO - LSTM.o_gate.0.bias	torch.Size([128])	cuda:1	True
2024-06-01 12:27:50,556 - INFO - LSTM.g_gate.0.weight	torch.Size([128, 256])	cuda:1	True
2024-06-01 12:27:50,556 - INFO - LSTM.g_gate.0.bias	torch.Size([128])	cuda:1	True
2024-06-01 12:27:50,556 - INFO - mutiLearning.transition	torch.Size([128, 128])	cuda:1	True
2024-06-01 12:27:50,556 - INFO - mutiLearning.project_in	torch.Size([128, 1])	cuda:1	True
2024-06-01 12:27:50,556 - INFO - mutiLearning.project_out	torch.Size([128, 1])	cuda:1	True
2024-06-01 12:27:50,557 - INFO - Total parameter numbers: 190080
2024-06-01 12:27:50,557 - INFO - You select `adam` optimizer.
2024-06-01 12:27:50,557 - WARNING - Received none train loss func and will use the loss func defined in the model.
2024-06-01 12:27:50,557 - INFO - Start training ...
2024-06-01 12:27:50,557 - INFO - num_batches:55
2024-06-01 12:29:58,668 - INFO - epoch complete!
2024-06-01 12:29:58,668 - INFO - evaluating now!
2024-06-01 12:30:12,932 - INFO - Epoch [0/30] train_loss: 633.8469, val_loss: 744.7605, lr: 0.001000, 142.38s
2024-06-01 12:30:12,938 - INFO - Saved model at 0
2024-06-01 12:30:12,938 - INFO - Val loss decrease from inf to 744.7605, saving to ./libcity/cache/31019/model_cache/GEML_NYCTAXI_OD_epoch0.tar
2024-06-01 12:32:16,227 - INFO - epoch complete!
2024-06-01 12:32:16,229 - INFO - evaluating now!
2024-06-01 12:32:30,541 - INFO - Epoch [1/30] train_loss: 630.1382, val_loss: 714.9961, lr: 0.001000, 137.60s
2024-06-01 12:32:30,547 - INFO - Saved model at 1
2024-06-01 12:32:30,547 - INFO - Val loss decrease from 744.7605 to 714.9961, saving to ./libcity/cache/31019/model_cache/GEML_NYCTAXI_OD_epoch1.tar
2024-06-01 12:34:32,648 - INFO - epoch complete!
2024-06-01 12:34:32,648 - INFO - evaluating now!
2024-06-01 12:34:47,228 - INFO - Epoch [2/30] train_loss: 593.7688, val_loss: 709.3074, lr: 0.001000, 136.68s
2024-06-01 12:34:47,235 - INFO - Saved model at 2
2024-06-01 12:34:47,235 - INFO - Val loss decrease from 714.9961 to 709.3074, saving to ./libcity/cache/31019/model_cache/GEML_NYCTAXI_OD_epoch2.tar
2024-06-01 12:36:49,270 - INFO - epoch complete!
2024-06-01 12:36:49,271 - INFO - evaluating now!
2024-06-01 12:37:04,820 - INFO - Epoch [3/30] train_loss: 604.7662, val_loss: 711.6959, lr: 0.001000, 137.59s
2024-06-01 12:39:11,290 - INFO - epoch complete!
2024-06-01 12:39:11,291 - INFO - evaluating now!
2024-06-01 12:39:28,585 - INFO - Epoch [4/30] train_loss: 532.8867, val_loss: 729.5675, lr: 0.001000, 143.76s
2024-06-01 12:42:05,651 - INFO - epoch complete!
2024-06-01 12:42:05,651 - INFO - evaluating now!
2024-06-01 12:42:23,424 - INFO - Epoch [5/30] train_loss: 2073.2176, val_loss: 740.6741, lr: 0.001000, 174.84s
2024-06-01 12:45:05,875 - INFO - epoch complete!
2024-06-01 12:45:05,876 - INFO - evaluating now!
2024-06-01 12:45:24,822 - INFO - Epoch [6/30] train_loss: 628.8262, val_loss: 739.2862, lr: 0.001000, 181.40s
2024-06-01 12:48:00,100 - INFO - epoch complete!
2024-06-01 12:48:00,101 - INFO - evaluating now!
2024-06-01 12:48:15,953 - INFO - Epoch [7/30] train_loss: 626.4959, val_loss: 732.4480, lr: 0.001000, 171.13s
2024-06-01 12:50:19,603 - INFO - epoch complete!
2024-06-01 12:50:19,603 - INFO - evaluating now!
2024-06-01 12:50:34,910 - INFO - Epoch [8/30] train_loss: 617.8367, val_loss: 729.3737, lr: 0.001000, 138.96s
2024-06-01 12:53:15,806 - INFO - epoch complete!
2024-06-01 12:53:15,807 - INFO - evaluating now!
2024-06-01 12:53:33,904 - INFO - Epoch [9/30] train_loss: 602.8461, val_loss: 686.4679, lr: 0.001000, 178.99s
2024-06-01 12:53:33,911 - INFO - Saved model at 9
2024-06-01 12:53:33,911 - INFO - Val loss decrease from 709.3074 to 686.4679, saving to ./libcity/cache/31019/model_cache/GEML_NYCTAXI_OD_epoch9.tar
2024-06-01 12:55:35,933 - INFO - epoch complete!
2024-06-01 12:55:35,934 - INFO - evaluating now!
2024-06-01 12:55:53,309 - INFO - Epoch [10/30] train_loss: 594.3487, val_loss: 717.1710, lr: 0.001000, 139.40s
2024-06-01 12:58:34,427 - INFO - epoch complete!
2024-06-01 12:58:34,427 - INFO - evaluating now!
2024-06-01 12:58:53,315 - INFO - Epoch [11/30] train_loss: 597.0370, val_loss: 697.3412, lr: 0.001000, 180.01s
2024-06-01 13:01:34,535 - INFO - epoch complete!
2024-06-01 13:01:34,536 - INFO - evaluating now!
2024-06-01 13:01:53,375 - INFO - Epoch [12/30] train_loss: 587.3305, val_loss: 688.8693, lr: 0.001000, 180.06s
2024-06-01 13:04:26,876 - INFO - epoch complete!
2024-06-01 13:04:26,877 - INFO - evaluating now!
2024-06-01 13:04:42,647 - INFO - Epoch [13/30] train_loss: 592.7537, val_loss: 699.5763, lr: 0.001000, 169.27s
2024-06-01 13:07:24,073 - INFO - epoch complete!
2024-06-01 13:07:24,074 - INFO - evaluating now!
2024-06-01 13:07:43,090 - INFO - Epoch [14/30] train_loss: 598.6895, val_loss: 709.3031, lr: 0.001000, 180.44s
2024-06-01 13:10:16,713 - INFO - epoch complete!
2024-06-01 13:10:16,714 - INFO - evaluating now!
2024-06-01 13:10:31,959 - INFO - Epoch [15/30] train_loss: 589.2233, val_loss: 684.5426, lr: 0.001000, 168.87s
2024-06-01 13:10:31,966 - INFO - Saved model at 15
2024-06-01 13:10:31,966 - INFO - Val loss decrease from 686.4679 to 684.5426, saving to ./libcity/cache/31019/model_cache/GEML_NYCTAXI_OD_epoch15.tar
2024-06-01 13:12:56,229 - INFO - epoch complete!
2024-06-01 13:12:56,229 - INFO - evaluating now!
2024-06-01 13:13:10,497 - INFO - Epoch [16/30] train_loss: 576.9010, val_loss: 674.1299, lr: 0.001000, 158.53s
2024-06-01 13:13:10,503 - INFO - Saved model at 16
2024-06-01 13:13:10,503 - INFO - Val loss decrease from 684.5426 to 674.1299, saving to ./libcity/cache/31019/model_cache/GEML_NYCTAXI_OD_epoch16.tar
2024-06-01 13:15:12,751 - INFO - epoch complete!
2024-06-01 13:15:12,751 - INFO - evaluating now!
2024-06-01 13:15:27,068 - INFO - Epoch [17/30] train_loss: 573.9398, val_loss: 675.1208, lr: 0.001000, 136.56s
2024-06-01 13:17:29,364 - INFO - epoch complete!
2024-06-01 13:17:29,365 - INFO - evaluating now!
2024-06-01 13:17:43,802 - INFO - Epoch [18/30] train_loss: 574.0883, val_loss: 684.8646, lr: 0.001000, 136.73s
2024-06-01 13:19:46,064 - INFO - epoch complete!
2024-06-01 13:19:46,065 - INFO - evaluating now!
2024-06-01 13:20:00,317 - INFO - Epoch [19/30] train_loss: 566.7489, val_loss: 622.8067, lr: 0.001000, 136.51s
2024-06-01 13:20:00,323 - INFO - Saved model at 19
2024-06-01 13:20:00,323 - INFO - Val loss decrease from 674.1299 to 622.8067, saving to ./libcity/cache/31019/model_cache/GEML_NYCTAXI_OD_epoch19.tar
2024-06-01 13:22:02,274 - INFO - epoch complete!
2024-06-01 13:22:02,274 - INFO - evaluating now!
2024-06-01 13:22:16,589 - INFO - Epoch [20/30] train_loss: 530.0818, val_loss: 609.5237, lr: 0.001000, 136.27s
2024-06-01 13:22:16,595 - INFO - Saved model at 20
2024-06-01 13:22:16,595 - INFO - Val loss decrease from 622.8067 to 609.5237, saving to ./libcity/cache/31019/model_cache/GEML_NYCTAXI_OD_epoch20.tar
2024-06-01 13:24:18,966 - INFO - epoch complete!
2024-06-01 13:24:18,967 - INFO - evaluating now!
2024-06-01 13:24:33,331 - INFO - Epoch [21/30] train_loss: 552.1139, val_loss: 613.9069, lr: 0.001000, 136.74s
2024-06-01 13:26:35,947 - INFO - epoch complete!
2024-06-01 13:26:35,947 - INFO - evaluating now!
2024-06-01 13:26:52,145 - INFO - Epoch [22/30] train_loss: 508.1814, val_loss: 600.3233, lr: 0.001000, 138.81s
2024-06-01 13:26:52,152 - INFO - Saved model at 22
2024-06-01 13:26:52,152 - INFO - Val loss decrease from 609.5237 to 600.3233, saving to ./libcity/cache/31019/model_cache/GEML_NYCTAXI_OD_epoch22.tar
2024-06-01 13:29:09,441 - INFO - epoch complete!
2024-06-01 13:29:09,441 - INFO - evaluating now!
2024-06-01 13:29:23,856 - INFO - Epoch [23/30] train_loss: 503.6537, val_loss: 594.7196, lr: 0.001000, 151.70s
2024-06-01 13:29:23,862 - INFO - Saved model at 23
2024-06-01 13:29:23,862 - INFO - Val loss decrease from 600.3233 to 594.7196, saving to ./libcity/cache/31019/model_cache/GEML_NYCTAXI_OD_epoch23.tar
2024-06-01 13:31:42,113 - INFO - epoch complete!
2024-06-01 13:31:42,114 - INFO - evaluating now!
2024-06-01 13:31:57,714 - INFO - Epoch [24/30] train_loss: 501.8904, val_loss: 593.7601, lr: 0.001000, 153.85s
2024-06-01 13:31:57,720 - INFO - Saved model at 24
2024-06-01 13:31:57,721 - INFO - Val loss decrease from 594.7196 to 593.7601, saving to ./libcity/cache/31019/model_cache/GEML_NYCTAXI_OD_epoch24.tar
2024-06-01 13:33:59,093 - INFO - epoch complete!
2024-06-01 13:33:59,094 - INFO - evaluating now!
2024-06-01 13:34:13,454 - INFO - Epoch [25/30] train_loss: 499.5876, val_loss: 591.6822, lr: 0.001000, 135.73s
2024-06-01 13:34:13,460 - INFO - Saved model at 25
2024-06-01 13:34:13,460 - INFO - Val loss decrease from 593.7601 to 591.6822, saving to ./libcity/cache/31019/model_cache/GEML_NYCTAXI_OD_epoch25.tar
2024-06-01 13:36:14,727 - INFO - epoch complete!
2024-06-01 13:36:14,728 - INFO - evaluating now!
2024-06-01 13:36:28,894 - INFO - Epoch [26/30] train_loss: 497.2541, val_loss: 590.2170, lr: 0.001000, 135.43s
2024-06-01 13:36:28,900 - INFO - Saved model at 26
2024-06-01 13:36:28,900 - INFO - Val loss decrease from 591.6822 to 590.2170, saving to ./libcity/cache/31019/model_cache/GEML_NYCTAXI_OD_epoch26.tar
2024-06-01 13:38:30,010 - INFO - epoch complete!
2024-06-01 13:38:30,011 - INFO - evaluating now!
2024-06-01 13:38:44,183 - INFO - Epoch [27/30] train_loss: 495.5171, val_loss: 583.0568, lr: 0.001000, 135.28s
2024-06-01 13:38:44,189 - INFO - Saved model at 27
2024-06-01 13:38:44,189 - INFO - Val loss decrease from 590.2170 to 583.0568, saving to ./libcity/cache/31019/model_cache/GEML_NYCTAXI_OD_epoch27.tar
2024-06-01 13:40:45,131 - INFO - epoch complete!
2024-06-01 13:40:45,132 - INFO - evaluating now!
2024-06-01 13:40:59,466 - INFO - Epoch [28/30] train_loss: 494.5411, val_loss: 583.5757, lr: 0.001000, 135.28s
2024-06-01 13:43:01,056 - INFO - epoch complete!
2024-06-01 13:43:01,057 - INFO - evaluating now!
2024-06-01 13:43:15,394 - INFO - Epoch [29/30] train_loss: 493.3286, val_loss: 583.5026, lr: 0.001000, 135.93s
2024-06-01 13:43:15,395 - INFO - Trained totally 30 epochs, average train time is 135.136s, average eval time is 15.688s
2024-06-01 13:43:15,400 - INFO - Loaded model at 27
2024-06-01 13:43:15,401 - INFO - Saved model at ./libcity/cache/31019/model_cache/GEML_NYCTAXI_OD.m
2024-06-01 13:43:15,406 - INFO - Start evaluating ...
2024-06-01 13:44:33,045 - INFO - Note that you select the single mode to evaluate!
2024-06-01 13:44:33,050 - INFO - Evaluate result is saved at ./libcity/cache/31019/evaluate_cache/2024_06_01_13_44_33_GEML_NYCTAXI_OD.csv
2024-06-01 13:44:33,060 - INFO - 
        MAE  MAPE       MSE  ...  masked_RMSE        R2      EVAR
1  0.048824   inf  0.299548  ...     3.971713 -0.008000  0.000019
2  0.048742   inf  0.298464  ...     3.962894 -0.008001  0.000002
3  0.049971   inf  0.298641  ...     3.958458 -0.007834 -0.000028
4  0.052233   inf  0.296606  ...     3.945853 -0.006191  0.001034
5  0.059286   inf  0.300680  ...     3.953373 -0.007735 -0.002557

[5 rows x 10 columns]
