2024-05-31 23:47:33,082 - INFO - Log directory: ./libcity/log
2024-05-31 23:47:33,083 - INFO - Begin pipeline, task=traffic_state_pred, model_name=GEML, dataset_name=NYCTAXI_OD, exp_id=3334
2024-05-31 23:47:33,083 - INFO - {'task': 'traffic_state_pred', 'model': 'GEML', 'dataset': 'NYCTAXI_OD', 'saved_model': True, 'train': True, 'seed': 0, 'gpu_id': 1, 'train_rate': 0.8, 'eval_rate': 0.1, 'max_epoch': 10, 'dataset_class': 'TrafficStateOdDataset', 'executor': 'GEMLExecutor', 'evaluator': 'TrafficStateEvaluator', 'embed_dim': 32, 'p_interval': 1, 'loss_p0': 0.5, 'loss_p1': 0.25, 'loss_p2': 0.25, 'scaler': 'minmax01', 'load_external': False, 'normal_external': False, 'ext_scaler': 'none', 'add_time_in_day': True, 'add_day_in_week': False, 'use_row_column': True, 'learner': 'adam', 'learning_rate': 0.001, 'weight_decay': 1e-06, 'lr_beta1': 0.9, 'lr_beta2': 0.999, 'lr_decay': False, 'clip_grad_norm': False, 'use_early_stop': True, 'patience': 50, 'batch_size': 64, 'cache_dataset': True, 'num_workers': 0, 'pad_with_last_sample': True, 'input_window': 5, 'output_window': 5, 'gpu': True, 'train_loss': 'none', 'epoch': 0, 'lr_epsilon': 1e-08, 'lr_alpha': 0.99, 'lr_momentum': 0, 'lr_scheduler': 'multisteplr', 'lr_decay_ratio': 0.1, 'steps': [5, 20, 40, 70], 'step_size': 10, 'lr_T_max': 30, 'lr_eta_min': 0, 'lr_patience': 10, 'lr_threshold': 0.0001, 'max_grad_norm': 1.0, 'log_level': 'INFO', 'log_every': 1, 'load_best_epoch': True, 'hyper_tune': False, 'metrics': ['MAE', 'MAPE', 'MSE', 'RMSE', 'masked_MAE', 'masked_MAPE', 'masked_MSE', 'masked_RMSE', 'R2', 'EVAR'], 'evaluator_mode': 'single', 'save_mode': ['csv'], 'geo': {'including_types': ['Polygon'], 'Polygon': {}}, 'od': {'including_types': ['state'], 'state': {'origin_id': 'geo_id', 'destination_id': 'geo_id', 'flow': 'num'}}, 'data_col': ['flow'], 'data_files': ['NYCTAXI202310-202403'], 'geo_file': 'NYCTAXI202310-202403', 'rel_file': 'NYCTAXI202310-202403', 'output_dim': 1, 'init_weight_inf_or_zero': 'inf', 'set_weight_link_or_dist': 'dist', 'calculate_weight_adj': True, 'weight_adj_epsilon': 0.1, 'time_intervals': 3600, 'device': device(type='cuda', index=1), 'exp_id': 3334}
2024-05-31 23:47:33,114 - INFO - Loaded file NYCTAXI202310-202403.geo, num_nodes=263
2024-05-31 23:47:33,133 - INFO - set_weight_link_or_dist: dist
2024-05-31 23:47:33,133 - INFO - init_weight_inf_or_zero: inf
2024-05-31 23:47:33,253 - INFO - Loaded file NYCTAXI202310-202403.rel, shape=(263, 263)
2024-05-31 23:47:33,253 - INFO - Start Calculate the weight by Gauss kernel!
2024-05-31 23:47:33,273 - INFO - set_weight_link_or_dist: dist
2024-05-31 23:47:33,273 - INFO - init_weight_inf_or_zero: inf
2024-05-31 23:47:33,392 - INFO - Loaded file NYCTAXI202310-202403.rel, shape=(263, 263)
2024-05-31 23:47:33,392 - INFO - Start Calculate the weight by Gauss kernel!
2024-05-31 23:47:33,393 - INFO - Loading ./libcity/cache/dataset_cache/od_based_NYCTAXI_OD_5_5_0.8_0.1_minmax01_64_False_True_False_True.npz
2024-05-31 23:48:14,973 - INFO - train	x: (3506, 5, 263, 263, 1), y: (3506, 5, 263, 263, 1)
2024-05-31 23:48:14,973 - INFO - eval	x: (438, 5, 263, 263, 1), y: (438, 5, 263, 263, 1)
2024-05-31 23:48:14,973 - INFO - test	x: (438, 5, 263, 263, 1), y: (438, 5, 263, 263, 1)
2024-05-31 23:48:17,998 - INFO - MinMax01Scaler max: 103.0, min: 0.0
2024-05-31 23:48:17,998 - INFO - NoneScaler
2024-05-31 23:49:12,514 - INFO - GEML(
  (GCN_ge): GCN(
    (gcn): ModuleList(
      (0-1): 2 x GraphConvolution(
        (activation): ReLU()
      )
    )
  )
  (GCN_se): GCN(
    (gcn): ModuleList(
      (0-1): 2 x GraphConvolution(
        (activation): ReLU()
      )
    )
  )
  (LSTM): SLSTM(
    (f_gate): Sequential(
      (0): Linear(in_features=128, out_features=64, bias=True)
      (1): Softmax(dim=1)
    )
    (i_gate): Sequential(
      (0): Linear(in_features=128, out_features=64, bias=True)
      (1): Softmax(dim=1)
    )
    (o_gate): Sequential(
      (0): Linear(in_features=128, out_features=64, bias=True)
      (1): Softmax(dim=1)
    )
    (g_gate): Sequential(
      (0): Linear(in_features=128, out_features=64, bias=True)
      (1): Tanh()
    )
    (tanh): Tanh()
  )
  (mutiLearning): MutiLearning()
)
2024-05-31 23:49:12,515 - INFO - GCN_ge.gcn.0.weight	torch.Size([263, 32])	cuda:1	True
2024-05-31 23:49:12,515 - INFO - GCN_ge.gcn.1.weight	torch.Size([32, 32])	cuda:1	True
2024-05-31 23:49:12,515 - INFO - GCN_se.gcn.0.weight	torch.Size([263, 32])	cuda:1	True
2024-05-31 23:49:12,515 - INFO - GCN_se.gcn.1.weight	torch.Size([32, 32])	cuda:1	True
2024-05-31 23:49:12,515 - INFO - LSTM.f_gate.0.weight	torch.Size([64, 128])	cuda:1	True
2024-05-31 23:49:12,515 - INFO - LSTM.f_gate.0.bias	torch.Size([64])	cuda:1	True
2024-05-31 23:49:12,515 - INFO - LSTM.i_gate.0.weight	torch.Size([64, 128])	cuda:1	True
2024-05-31 23:49:12,515 - INFO - LSTM.i_gate.0.bias	torch.Size([64])	cuda:1	True
2024-05-31 23:49:12,515 - INFO - LSTM.o_gate.0.weight	torch.Size([64, 128])	cuda:1	True
2024-05-31 23:49:12,515 - INFO - LSTM.o_gate.0.bias	torch.Size([64])	cuda:1	True
2024-05-31 23:49:12,515 - INFO - LSTM.g_gate.0.weight	torch.Size([64, 128])	cuda:1	True
2024-05-31 23:49:12,515 - INFO - LSTM.g_gate.0.bias	torch.Size([64])	cuda:1	True
2024-05-31 23:49:12,515 - INFO - mutiLearning.transition	torch.Size([64, 64])	cuda:1	True
2024-05-31 23:49:12,515 - INFO - mutiLearning.project_in	torch.Size([64, 1])	cuda:1	True
2024-05-31 23:49:12,515 - INFO - mutiLearning.project_out	torch.Size([64, 1])	cuda:1	True
2024-05-31 23:49:12,515 - INFO - Total parameter numbers: 56128
2024-05-31 23:49:12,515 - INFO - You select `adam` optimizer.
2024-05-31 23:49:12,515 - WARNING - Received none train loss func and will use the loss func defined in the model.
2024-05-31 23:49:12,516 - INFO - Start training ...
2024-05-31 23:49:12,516 - INFO - num_batches:55
2024-05-31 23:49:45,532 - INFO - epoch complete!
2024-05-31 23:49:45,532 - INFO - evaluating now!
2024-05-31 23:49:48,996 - INFO - Epoch [0/10] train_loss: 650.6029, val_loss: 745.3607, lr: 0.001000, 36.48s
2024-05-31 23:49:49,001 - INFO - Saved model at 0
2024-05-31 23:49:49,001 - INFO - Val loss decrease from inf to 745.3607, saving to ./libcity/cache/3334/model_cache/GEML_NYCTAXI_OD_epoch0.tar
2024-05-31 23:50:23,662 - INFO - epoch complete!
2024-05-31 23:50:23,663 - INFO - evaluating now!
2024-05-31 23:50:27,141 - INFO - Epoch [1/10] train_loss: 633.2622, val_loss: 745.0426, lr: 0.001000, 38.14s
2024-05-31 23:50:27,146 - INFO - Saved model at 1
2024-05-31 23:50:27,146 - INFO - Val loss decrease from 745.3607 to 745.0426, saving to ./libcity/cache/3334/model_cache/GEML_NYCTAXI_OD_epoch1.tar
2024-05-31 23:50:58,471 - INFO - epoch complete!
2024-05-31 23:50:58,473 - INFO - evaluating now!
2024-05-31 23:51:01,963 - INFO - Epoch [2/10] train_loss: 635.2168, val_loss: 752.6392, lr: 0.001000, 34.82s
2024-05-31 23:51:32,607 - INFO - epoch complete!
2024-05-31 23:51:32,608 - INFO - evaluating now!
2024-05-31 23:51:36,121 - INFO - Epoch [3/10] train_loss: 617.2538, val_loss: 701.3935, lr: 0.001000, 34.16s
2024-05-31 23:51:36,126 - INFO - Saved model at 3
2024-05-31 23:51:36,126 - INFO - Val loss decrease from 745.0426 to 701.3935, saving to ./libcity/cache/3334/model_cache/GEML_NYCTAXI_OD_epoch3.tar
2024-05-31 23:52:06,749 - INFO - epoch complete!
2024-05-31 23:52:06,749 - INFO - evaluating now!
2024-05-31 23:52:10,251 - INFO - Epoch [4/10] train_loss: 598.3444, val_loss: 706.0709, lr: 0.001000, 34.12s
2024-05-31 23:52:41,008 - INFO - epoch complete!
2024-05-31 23:52:41,009 - INFO - evaluating now!
2024-05-31 23:52:44,437 - INFO - Epoch [5/10] train_loss: 598.5200, val_loss: 690.1803, lr: 0.001000, 34.19s
2024-05-31 23:52:44,442 - INFO - Saved model at 5
2024-05-31 23:52:44,442 - INFO - Val loss decrease from 701.3935 to 690.1803, saving to ./libcity/cache/3334/model_cache/GEML_NYCTAXI_OD_epoch5.tar
2024-05-31 23:53:15,253 - INFO - epoch complete!
2024-05-31 23:53:15,254 - INFO - evaluating now!
2024-05-31 23:53:18,726 - INFO - Epoch [6/10] train_loss: 581.0835, val_loss: 683.7588, lr: 0.001000, 34.28s
2024-05-31 23:53:18,730 - INFO - Saved model at 6
2024-05-31 23:53:18,731 - INFO - Val loss decrease from 690.1803 to 683.7588, saving to ./libcity/cache/3334/model_cache/GEML_NYCTAXI_OD_epoch6.tar
2024-05-31 23:53:49,430 - INFO - epoch complete!
2024-05-31 23:53:49,431 - INFO - evaluating now!
2024-05-31 23:53:52,917 - INFO - Epoch [7/10] train_loss: 575.4653, val_loss: 677.8134, lr: 0.001000, 34.19s
2024-05-31 23:53:52,922 - INFO - Saved model at 7
2024-05-31 23:53:52,922 - INFO - Val loss decrease from 683.7588 to 677.8134, saving to ./libcity/cache/3334/model_cache/GEML_NYCTAXI_OD_epoch7.tar
2024-05-31 23:54:23,670 - INFO - epoch complete!
2024-05-31 23:54:23,670 - INFO - evaluating now!
2024-05-31 23:54:27,124 - INFO - Epoch [8/10] train_loss: 574.0373, val_loss: 673.5198, lr: 0.001000, 34.20s
2024-05-31 23:54:27,128 - INFO - Saved model at 8
2024-05-31 23:54:27,128 - INFO - Val loss decrease from 677.8134 to 673.5198, saving to ./libcity/cache/3334/model_cache/GEML_NYCTAXI_OD_epoch8.tar
