2024-06-01 11:46:26,482 - INFO - Log directory: ./libcity/log
2024-06-01 11:46:26,482 - INFO - Begin pipeline, task=traffic_state_pred, model_name=GEML, dataset_name=NYCTAXI_OD, exp_id=34235
2024-06-01 11:46:26,482 - INFO - {'task': 'traffic_state_pred', 'model': 'GEML', 'dataset': 'NYCTAXI_OD', 'saved_model': True, 'train': True, 'seed': 0, 'gpu_id': 1, 'train_rate': 0.8, 'eval_rate': 0.1, 'max_epoch': 10, 'dataset_class': 'TrafficStateOdDataset', 'executor': 'GEMLExecutor', 'evaluator': 'TrafficStateEvaluator', 'embed_dim': 32, 'p_interval': 1, 'loss_p0': 0.5, 'loss_p1': 0.25, 'loss_p2': 0.25, 'scaler': 'minmax01', 'load_external': False, 'normal_external': False, 'ext_scaler': 'none', 'add_time_in_day': True, 'add_day_in_week': False, 'use_row_column': True, 'learner': 'adam', 'learning_rate': 0.001, 'weight_decay': 1e-06, 'lr_beta1': 0.9, 'lr_beta2': 0.999, 'lr_decay': False, 'clip_grad_norm': False, 'use_early_stop': True, 'patience': 50, 'batch_size': 64, 'cache_dataset': True, 'num_workers': 0, 'pad_with_last_sample': True, 'input_window': 5, 'output_window': 5, 'gpu': True, 'train_loss': 'none', 'epoch': 0, 'lr_epsilon': 1e-08, 'lr_alpha': 0.99, 'lr_momentum': 0, 'lr_scheduler': 'multisteplr', 'lr_decay_ratio': 0.1, 'steps': [5, 20, 40, 70], 'step_size': 10, 'lr_T_max': 30, 'lr_eta_min': 0, 'lr_patience': 10, 'lr_threshold': 0.0001, 'max_grad_norm': 1.0, 'log_level': 'INFO', 'log_every': 1, 'load_best_epoch': True, 'hyper_tune': False, 'metrics': ['MAE', 'MAPE', 'MSE', 'RMSE', 'masked_MAE', 'masked_MAPE', 'masked_MSE', 'masked_RMSE', 'R2', 'EVAR'], 'evaluator_mode': 'single', 'save_mode': ['csv'], 'geo': {'including_types': ['Polygon'], 'Polygon': {}}, 'od': {'including_types': ['state'], 'state': {'origin_id': 'geo_id', 'destination_id': 'geo_id', 'flow': 'num'}}, 'data_col': ['flow'], 'data_files': ['NYCTAXI202310-202403'], 'geo_file': 'NYCTAXI202310-202403', 'rel_file': 'NYCTAXI202310-202403', 'output_dim': 1, 'init_weight_inf_or_zero': 'inf', 'set_weight_link_or_dist': 'dist', 'calculate_weight_adj': True, 'weight_adj_epsilon': 0.1, 'time_intervals': 3600, 'device': device(type='cuda', index=1), 'exp_id': 34235}
2024-06-01 11:46:26,511 - INFO - Loaded file NYCTAXI202310-202403.geo, num_nodes=263
2024-06-01 11:46:26,530 - INFO - set_weight_link_or_dist: dist
2024-06-01 11:46:26,530 - INFO - init_weight_inf_or_zero: inf
2024-06-01 11:46:26,652 - INFO - Loaded file NYCTAXI202310-202403.rel, shape=(263, 263)
2024-06-01 11:46:26,652 - INFO - Start Calculate the weight by Gauss kernel!
2024-06-01 11:46:26,673 - INFO - set_weight_link_or_dist: dist
2024-06-01 11:46:26,673 - INFO - init_weight_inf_or_zero: inf
2024-06-01 11:46:26,796 - INFO - Loaded file NYCTAXI202310-202403.rel, shape=(263, 263)
2024-06-01 11:46:26,796 - INFO - Start Calculate the weight by Gauss kernel!
2024-06-01 11:46:26,797 - INFO - Loading ./libcity/cache/dataset_cache/od_based_NYCTAXI_OD_5_5_0.8_0.1_minmax01_64_False_True_False_True.npz
2024-06-01 11:47:08,421 - INFO - train	x: (3506, 5, 263, 263, 1), y: (3506, 5, 263, 263, 1)
2024-06-01 11:47:08,421 - INFO - eval	x: (438, 5, 263, 263, 1), y: (438, 5, 263, 263, 1)
2024-06-01 11:47:08,421 - INFO - test	x: (438, 5, 263, 263, 1), y: (438, 5, 263, 263, 1)
2024-06-01 11:47:11,187 - INFO - MinMax01Scaler max: 103.0, min: 0.0
2024-06-01 11:47:11,187 - INFO - NoneScaler
2024-06-01 11:48:05,729 - INFO - GEML(
  (GCN_ge): GCN(
    (gcn): ModuleList(
      (0-1): 2 x GraphConvolution(
        (activation): ReLU()
      )
    )
  )
  (GCN_se): GCN(
    (gcn): ModuleList(
      (0-1): 2 x GraphConvolution(
        (activation): ReLU()
      )
    )
  )
  (LSTM): SLSTM(
    (f_gate): Sequential(
      (0): Linear(in_features=128, out_features=64, bias=True)
      (1): Softmax(dim=1)
    )
    (i_gate): Sequential(
      (0): Linear(in_features=128, out_features=64, bias=True)
      (1): Softmax(dim=1)
    )
    (o_gate): Sequential(
      (0): Linear(in_features=128, out_features=64, bias=True)
      (1): Softmax(dim=1)
    )
    (g_gate): Sequential(
      (0): Linear(in_features=128, out_features=64, bias=True)
      (1): Tanh()
    )
    (tanh): Tanh()
  )
  (mutiLearning): MutiLearning()
)
2024-06-01 11:48:05,729 - INFO - GCN_ge.gcn.0.weight	torch.Size([263, 32])	cuda:1	True
2024-06-01 11:48:05,729 - INFO - GCN_ge.gcn.1.weight	torch.Size([32, 32])	cuda:1	True
2024-06-01 11:48:05,729 - INFO - GCN_se.gcn.0.weight	torch.Size([263, 32])	cuda:1	True
2024-06-01 11:48:05,729 - INFO - GCN_se.gcn.1.weight	torch.Size([32, 32])	cuda:1	True
2024-06-01 11:48:05,729 - INFO - LSTM.f_gate.0.weight	torch.Size([64, 128])	cuda:1	True
2024-06-01 11:48:05,729 - INFO - LSTM.f_gate.0.bias	torch.Size([64])	cuda:1	True
2024-06-01 11:48:05,729 - INFO - LSTM.i_gate.0.weight	torch.Size([64, 128])	cuda:1	True
2024-06-01 11:48:05,729 - INFO - LSTM.i_gate.0.bias	torch.Size([64])	cuda:1	True
2024-06-01 11:48:05,729 - INFO - LSTM.o_gate.0.weight	torch.Size([64, 128])	cuda:1	True
2024-06-01 11:48:05,729 - INFO - LSTM.o_gate.0.bias	torch.Size([64])	cuda:1	True
2024-06-01 11:48:05,729 - INFO - LSTM.g_gate.0.weight	torch.Size([64, 128])	cuda:1	True
2024-06-01 11:48:05,729 - INFO - LSTM.g_gate.0.bias	torch.Size([64])	cuda:1	True
2024-06-01 11:48:05,729 - INFO - mutiLearning.transition	torch.Size([64, 64])	cuda:1	True
2024-06-01 11:48:05,729 - INFO - mutiLearning.project_in	torch.Size([64, 1])	cuda:1	True
2024-06-01 11:48:05,729 - INFO - mutiLearning.project_out	torch.Size([64, 1])	cuda:1	True
2024-06-01 11:48:05,729 - INFO - Total parameter numbers: 56128
2024-06-01 11:48:05,730 - INFO - You select `adam` optimizer.
2024-06-01 11:48:05,730 - WARNING - Received none train loss func and will use the loss func defined in the model.
2024-06-01 11:48:05,730 - INFO - Start training ...
2024-06-01 11:48:05,730 - INFO - num_batches:55
2024-06-01 11:50:16,823 - INFO - epoch complete!
2024-06-01 11:50:16,824 - INFO - evaluating now!
2024-06-01 11:50:31,282 - INFO - Epoch [0/10] train_loss: 620.5498, val_loss: 652.5978, lr: 0.001000, 145.55s
2024-06-01 11:50:31,286 - INFO - Saved model at 0
2024-06-01 11:50:31,287 - INFO - Val loss decrease from inf to 652.5978, saving to ./libcity/cache/34235/model_cache/GEML_NYCTAXI_OD_epoch0.tar
2024-06-01 11:52:33,609 - INFO - epoch complete!
2024-06-01 11:52:33,610 - INFO - evaluating now!
2024-06-01 11:52:48,054 - INFO - Epoch [1/10] train_loss: 514.9914, val_loss: 570.4658, lr: 0.001000, 136.77s
2024-06-01 11:52:48,059 - INFO - Saved model at 1
2024-06-01 11:52:48,059 - INFO - Val loss decrease from 652.5978 to 570.4658, saving to ./libcity/cache/34235/model_cache/GEML_NYCTAXI_OD_epoch1.tar
2024-06-01 11:54:49,809 - INFO - epoch complete!
2024-06-01 11:54:49,810 - INFO - evaluating now!
2024-06-01 11:55:04,069 - INFO - Epoch [2/10] train_loss: 511.8146, val_loss: 560.4020, lr: 0.001000, 136.01s
2024-06-01 11:55:04,074 - INFO - Saved model at 2
2024-06-01 11:55:04,074 - INFO - Val loss decrease from 570.4658 to 560.4020, saving to ./libcity/cache/34235/model_cache/GEML_NYCTAXI_OD_epoch2.tar
2024-06-01 11:57:05,800 - INFO - epoch complete!
2024-06-01 11:57:05,801 - INFO - evaluating now!
2024-06-01 11:57:20,203 - INFO - Epoch [3/10] train_loss: 467.0025, val_loss: 545.4949, lr: 0.001000, 136.13s
2024-06-01 11:57:20,207 - INFO - Saved model at 3
2024-06-01 11:57:20,208 - INFO - Val loss decrease from 560.4020 to 545.4949, saving to ./libcity/cache/34235/model_cache/GEML_NYCTAXI_OD_epoch3.tar
2024-06-01 11:59:24,759 - INFO - epoch complete!
2024-06-01 11:59:24,760 - INFO - evaluating now!
2024-06-01 11:59:39,401 - INFO - Epoch [4/10] train_loss: 457.3581, val_loss: 522.8710, lr: 0.001000, 139.19s
2024-06-01 11:59:39,405 - INFO - Saved model at 4
2024-06-01 11:59:39,406 - INFO - Val loss decrease from 545.4949 to 522.8710, saving to ./libcity/cache/34235/model_cache/GEML_NYCTAXI_OD_epoch4.tar
2024-06-01 12:02:20,735 - INFO - epoch complete!
2024-06-01 12:02:20,736 - INFO - evaluating now!
2024-06-01 12:02:36,437 - INFO - Epoch [5/10] train_loss: 452.4719, val_loss: 504.8588, lr: 0.001000, 177.03s
2024-06-01 12:02:36,441 - INFO - Saved model at 5
2024-06-01 12:02:36,441 - INFO - Val loss decrease from 522.8710 to 504.8588, saving to ./libcity/cache/34235/model_cache/GEML_NYCTAXI_OD_epoch5.tar
2024-06-01 12:04:38,023 - INFO - epoch complete!
2024-06-01 12:04:38,024 - INFO - evaluating now!
2024-06-01 12:04:52,536 - INFO - Epoch [6/10] train_loss: 734.5064, val_loss: 843.7064, lr: 0.001000, 136.09s
2024-06-01 12:06:54,141 - INFO - epoch complete!
2024-06-01 12:06:54,142 - INFO - evaluating now!
2024-06-01 12:07:08,524 - INFO - Epoch [7/10] train_loss: 609.1274, val_loss: 659.4047, lr: 0.001000, 135.99s
2024-06-01 12:09:10,169 - INFO - epoch complete!
2024-06-01 12:09:10,170 - INFO - evaluating now!
2024-06-01 12:09:29,045 - INFO - Epoch [8/10] train_loss: 463.6546, val_loss: 536.4730, lr: 0.001000, 140.52s
2024-06-01 12:12:05,022 - INFO - epoch complete!
2024-06-01 12:12:05,023 - INFO - evaluating now!
2024-06-01 12:12:19,365 - INFO - Epoch [9/10] train_loss: 463.5058, val_loss: 546.7503, lr: 0.001000, 170.32s
2024-06-01 12:12:19,365 - INFO - Trained totally 10 epochs, average train time is 130.358s, average eval time is 15.002s
2024-06-01 12:12:19,369 - INFO - Loaded model at 5
2024-06-01 12:12:19,369 - INFO - Saved model at ./libcity/cache/34235/model_cache/GEML_NYCTAXI_OD.m
2024-06-01 12:12:19,373 - INFO - Start evaluating ...
2024-06-01 12:13:34,510 - INFO - Note that you select the single mode to evaluate!
2024-06-01 12:13:34,514 - INFO - Evaluate result is saved at ./libcity/cache/34235/evaluate_cache/2024_06_01_12_13_34_GEML_NYCTAXI_OD.csv
2024-06-01 12:13:34,524 - INFO - 
        MAE  MAPE        MSE  ...  masked_RMSE         R2       EVAR
1  0.101457   inf   0.414643  ...     3.972373  -0.395303  -0.370844
2  0.279007   inf   4.856823  ...    11.596128 -15.402933 -15.216097
3  0.919858   inf  20.306036  ...    21.868584 -67.527414 -65.206345
4  0.897801   inf  21.776157  ...    21.799017 -72.872210 -70.337006
5  0.890554   inf  21.554388  ...    21.585274 -71.239933 -68.844391

[5 rows x 10 columns]
