2024-06-01 10:22:50,290 - INFO - Log directory: ./libcity/log
2024-06-01 10:22:50,290 - INFO - Begin pipeline, task=traffic_state_pred, model_name=GEML, dataset_name=NYCTAXI_OD, exp_id=44334
2024-06-01 10:22:50,291 - INFO - {'task': 'traffic_state_pred', 'model': 'GEML', 'dataset': 'NYCTAXI_OD', 'saved_model': True, 'train': True, 'seed': 0, 'gpu_id': 1, 'train_rate': 0.8, 'eval_rate': 0.1, 'max_epoch': 50, 'dataset_class': 'TrafficStateOdDataset', 'executor': 'GEMLExecutor', 'evaluator': 'TrafficStateEvaluator', 'embed_dim': 32, 'p_interval': 1, 'loss_p0': 0.5, 'loss_p1': 0.25, 'loss_p2': 0.25, 'scaler': 'minmax01', 'load_external': False, 'normal_external': False, 'ext_scaler': 'none', 'add_time_in_day': True, 'add_day_in_week': False, 'use_row_column': True, 'learner': 'adam', 'learning_rate': 0.001, 'weight_decay': 1e-06, 'lr_beta1': 0.9, 'lr_beta2': 0.999, 'lr_decay': False, 'clip_grad_norm': False, 'use_early_stop': True, 'patience': 50, 'batch_size': 64, 'cache_dataset': True, 'num_workers': 0, 'pad_with_last_sample': True, 'input_window': 5, 'output_window': 5, 'gpu': True, 'train_loss': 'none', 'epoch': 0, 'lr_epsilon': 1e-08, 'lr_alpha': 0.99, 'lr_momentum': 0, 'lr_scheduler': 'multisteplr', 'lr_decay_ratio': 0.1, 'steps': [5, 20, 40, 70], 'step_size': 10, 'lr_T_max': 30, 'lr_eta_min': 0, 'lr_patience': 10, 'lr_threshold': 0.0001, 'max_grad_norm': 1.0, 'log_level': 'INFO', 'log_every': 1, 'load_best_epoch': True, 'hyper_tune': False, 'metrics': ['MAE', 'MAPE', 'MSE', 'RMSE', 'masked_MAE', 'masked_MAPE', 'masked_MSE', 'masked_RMSE', 'R2', 'EVAR'], 'evaluator_mode': 'single', 'save_mode': ['csv'], 'geo': {'including_types': ['Polygon'], 'Polygon': {}}, 'od': {'including_types': ['state'], 'state': {'origin_id': 'geo_id', 'destination_id': 'geo_id', 'flow': 'num'}}, 'data_col': ['flow'], 'data_files': ['NYCTAXI202310-202403'], 'geo_file': 'NYCTAXI202310-202403', 'rel_file': 'NYCTAXI202310-202403', 'output_dim': 1, 'init_weight_inf_or_zero': 'inf', 'set_weight_link_or_dist': 'dist', 'calculate_weight_adj': True, 'weight_adj_epsilon': 0.1, 'time_intervals': 3600, 'device': device(type='cuda', index=1), 'exp_id': 44334}
2024-06-01 10:22:50,321 - INFO - Loaded file NYCTAXI202310-202403.geo, num_nodes=263
2024-06-01 10:22:50,339 - INFO - set_weight_link_or_dist: dist
2024-06-01 10:22:50,339 - INFO - init_weight_inf_or_zero: inf
2024-06-01 10:22:50,458 - INFO - Loaded file NYCTAXI202310-202403.rel, shape=(263, 263)
2024-06-01 10:22:50,459 - INFO - Start Calculate the weight by Gauss kernel!
2024-06-01 10:22:50,479 - INFO - set_weight_link_or_dist: dist
2024-06-01 10:22:50,479 - INFO - init_weight_inf_or_zero: inf
2024-06-01 10:22:50,601 - INFO - Loaded file NYCTAXI202310-202403.rel, shape=(263, 263)
2024-06-01 10:22:50,601 - INFO - Start Calculate the weight by Gauss kernel!
2024-06-01 10:22:50,601 - INFO - Loading ./libcity/cache/dataset_cache/od_based_NYCTAXI_OD_5_5_0.8_0.1_minmax01_64_False_True_False_True.npz
2024-06-01 10:23:32,322 - INFO - train	x: (3506, 5, 263, 263, 1), y: (3506, 5, 263, 263, 1)
2024-06-01 10:23:32,322 - INFO - eval	x: (438, 5, 263, 263, 1), y: (438, 5, 263, 263, 1)
2024-06-01 10:23:32,322 - INFO - test	x: (438, 5, 263, 263, 1), y: (438, 5, 263, 263, 1)
2024-06-01 10:23:35,102 - INFO - MinMax01Scaler max: 103.0, min: 0.0
2024-06-01 10:23:35,102 - INFO - NoneScaler
2024-06-01 10:24:29,991 - INFO - GEML(
  (GCN_ge): GCN(
    (gcn): ModuleList(
      (0-1): 2 x GraphConvolution(
        (activation): ReLU()
      )
    )
  )
  (GCN_se): GCN(
    (gcn): ModuleList(
      (0-1): 2 x GraphConvolution(
        (activation): ReLU()
      )
    )
  )
  (LSTM): SLSTM(
    (f_gate): Sequential(
      (0): Linear(in_features=128, out_features=64, bias=True)
      (1): Softmax(dim=1)
    )
    (i_gate): Sequential(
      (0): Linear(in_features=128, out_features=64, bias=True)
      (1): Softmax(dim=1)
    )
    (o_gate): Sequential(
      (0): Linear(in_features=128, out_features=64, bias=True)
      (1): Softmax(dim=1)
    )
    (g_gate): Sequential(
      (0): Linear(in_features=128, out_features=64, bias=True)
      (1): Tanh()
    )
    (tanh): Tanh()
  )
  (mutiLearning): MutiLearning()
)
2024-06-01 10:24:29,991 - INFO - GCN_ge.gcn.0.weight	torch.Size([263, 32])	cuda:1	True
2024-06-01 10:24:29,991 - INFO - GCN_ge.gcn.1.weight	torch.Size([32, 32])	cuda:1	True
2024-06-01 10:24:29,991 - INFO - GCN_se.gcn.0.weight	torch.Size([263, 32])	cuda:1	True
2024-06-01 10:24:29,991 - INFO - GCN_se.gcn.1.weight	torch.Size([32, 32])	cuda:1	True
2024-06-01 10:24:29,991 - INFO - LSTM.f_gate.0.weight	torch.Size([64, 128])	cuda:1	True
2024-06-01 10:24:29,991 - INFO - LSTM.f_gate.0.bias	torch.Size([64])	cuda:1	True
2024-06-01 10:24:29,991 - INFO - LSTM.i_gate.0.weight	torch.Size([64, 128])	cuda:1	True
2024-06-01 10:24:29,991 - INFO - LSTM.i_gate.0.bias	torch.Size([64])	cuda:1	True
2024-06-01 10:24:29,991 - INFO - LSTM.o_gate.0.weight	torch.Size([64, 128])	cuda:1	True
2024-06-01 10:24:29,991 - INFO - LSTM.o_gate.0.bias	torch.Size([64])	cuda:1	True
2024-06-01 10:24:29,991 - INFO - LSTM.g_gate.0.weight	torch.Size([64, 128])	cuda:1	True
2024-06-01 10:24:29,991 - INFO - LSTM.g_gate.0.bias	torch.Size([64])	cuda:1	True
2024-06-01 10:24:29,991 - INFO - mutiLearning.transition	torch.Size([64, 64])	cuda:1	True
2024-06-01 10:24:29,991 - INFO - mutiLearning.project_in	torch.Size([64, 1])	cuda:1	True
2024-06-01 10:24:29,991 - INFO - mutiLearning.project_out	torch.Size([64, 1])	cuda:1	True
2024-06-01 10:24:29,992 - INFO - Total parameter numbers: 56128
2024-06-01 10:24:29,992 - INFO - You select `adam` optimizer.
2024-06-01 10:24:29,992 - WARNING - Received none train loss func and will use the loss func defined in the model.
2024-06-01 10:24:29,992 - INFO - Start training ...
2024-06-01 10:24:29,992 - INFO - num_batches:55
2024-06-01 10:25:05,317 - INFO - epoch complete!
2024-06-01 10:25:05,318 - INFO - evaluating now!
2024-06-01 10:25:08,925 - INFO - Epoch [0/50] train_loss: 638.3407, val_loss: 745.0195, lr: 0.001000, 38.93s
2024-06-01 10:25:08,930 - INFO - Saved model at 0
2024-06-01 10:25:08,930 - INFO - Val loss decrease from inf to 745.0195, saving to ./libcity/cache/44334/model_cache/GEML_NYCTAXI_OD_epoch0.tar
2024-06-01 10:25:44,437 - INFO - epoch complete!
2024-06-01 10:25:44,438 - INFO - evaluating now!
2024-06-01 10:25:48,009 - INFO - Epoch [1/50] train_loss: 632.7537, val_loss: 744.9664, lr: 0.001000, 39.08s
2024-06-01 10:25:48,013 - INFO - Saved model at 1
2024-06-01 10:25:48,013 - INFO - Val loss decrease from 745.0195 to 744.9664, saving to ./libcity/cache/44334/model_cache/GEML_NYCTAXI_OD_epoch1.tar
2024-06-01 10:26:19,827 - INFO - epoch complete!
2024-06-01 10:26:19,828 - INFO - evaluating now!
2024-06-01 10:26:23,448 - INFO - Epoch [2/50] train_loss: 631.4071, val_loss: 738.0989, lr: 0.001000, 35.43s
2024-06-01 10:26:23,452 - INFO - Saved model at 2
2024-06-01 10:26:23,453 - INFO - Val loss decrease from 744.9664 to 738.0989, saving to ./libcity/cache/44334/model_cache/GEML_NYCTAXI_OD_epoch2.tar
2024-06-01 10:26:55,263 - INFO - epoch complete!
2024-06-01 10:26:55,264 - INFO - evaluating now!
2024-06-01 10:26:58,750 - INFO - Epoch [3/50] train_loss: 602.2184, val_loss: 689.6827, lr: 0.001000, 35.30s
2024-06-01 10:26:58,754 - INFO - Saved model at 3
2024-06-01 10:26:58,754 - INFO - Val loss decrease from 738.0989 to 689.6827, saving to ./libcity/cache/44334/model_cache/GEML_NYCTAXI_OD_epoch3.tar
2024-06-01 10:27:30,422 - INFO - epoch complete!
2024-06-01 10:27:30,423 - INFO - evaluating now!
2024-06-01 10:27:34,035 - INFO - Epoch [4/50] train_loss: 575.8322, val_loss: 700.6689, lr: 0.001000, 35.28s
