2024-06-01 14:31:31,022 - INFO - Log directory: ./libcity/log
2024-06-01 14:31:31,023 - INFO - Begin pipeline, task=traffic_state_pred, model_name=GEML, dataset_name=NYCTAXI_OD, exp_id=53113
2024-06-01 14:31:31,023 - INFO - {'task': 'traffic_state_pred', 'model': 'GEML', 'dataset': 'NYCTAXI_OD', 'saved_model': True, 'train': True, 'seed': 0, 'gpu_id': 1, 'train_rate': 0.8, 'eval_rate': 0.1, 'max_epoch': 100, 'dataset_class': 'TrafficStateOdDataset', 'executor': 'GEMLExecutor', 'evaluator': 'TrafficStateEvaluator', 'embed_dim': 128, 'p_interval': 1, 'loss_p0': 0.5, 'loss_p1': 0.25, 'loss_p2': 0.25, 'scaler': 'minmax01', 'load_external': False, 'normal_external': False, 'ext_scaler': 'none', 'add_time_in_day': True, 'add_day_in_week': False, 'use_row_column': True, 'learner': 'adam', 'learning_rate': 0.001, 'weight_decay': 1e-06, 'lr_beta1': 0.9, 'lr_beta2': 0.999, 'lr_decay': False, 'clip_grad_norm': False, 'use_early_stop': True, 'patience': 50, 'batch_size': 64, 'cache_dataset': True, 'num_workers': 0, 'pad_with_last_sample': True, 'input_window': 8, 'output_window': 1, 'gpu': True, 'train_loss': 'none', 'epoch': 0, 'lr_epsilon': 1e-08, 'lr_alpha': 0.99, 'lr_momentum': 0, 'lr_scheduler': 'multisteplr', 'lr_decay_ratio': 0.1, 'steps': [5, 20, 40, 70], 'step_size': 10, 'lr_T_max': 30, 'lr_eta_min': 0, 'lr_patience': 10, 'lr_threshold': 0.0001, 'max_grad_norm': 1.0, 'log_level': 'INFO', 'log_every': 1, 'load_best_epoch': True, 'hyper_tune': False, 'metrics': ['MAE', 'MAPE', 'MSE', 'RMSE', 'masked_MAE', 'masked_MAPE', 'masked_MSE', 'masked_RMSE', 'R2', 'EVAR'], 'evaluator_mode': 'single', 'save_mode': ['csv'], 'geo': {'including_types': ['Polygon'], 'Polygon': {}}, 'od': {'including_types': ['state'], 'state': {'origin_id': 'geo_id', 'destination_id': 'geo_id', 'flow': 'num'}}, 'data_col': ['flow'], 'data_files': ['NYCTAXI202310-202403'], 'geo_file': 'NYCTAXI202310-202403', 'rel_file': 'NYCTAXI202310-202403', 'output_dim': 1, 'init_weight_inf_or_zero': 'inf', 'set_weight_link_or_dist': 'dist', 'calculate_weight_adj': True, 'weight_adj_epsilon': 0.1, 'time_intervals': 3600, 'device': device(type='cuda', index=1), 'exp_id': 53113}
2024-06-01 14:31:31,053 - INFO - Loaded file NYCTAXI202310-202403.geo, num_nodes=263
2024-06-01 14:31:31,072 - INFO - set_weight_link_or_dist: dist
2024-06-01 14:31:31,073 - INFO - init_weight_inf_or_zero: inf
2024-06-01 14:31:31,206 - INFO - Loaded file NYCTAXI202310-202403.rel, shape=(263, 263)
2024-06-01 14:31:31,206 - INFO - Start Calculate the weight by Gauss kernel!
2024-06-01 14:31:31,229 - INFO - set_weight_link_or_dist: dist
2024-06-01 14:31:31,229 - INFO - init_weight_inf_or_zero: inf
2024-06-01 14:31:31,360 - INFO - Loaded file NYCTAXI202310-202403.rel, shape=(263, 263)
2024-06-01 14:31:31,360 - INFO - Start Calculate the weight by Gauss kernel!
2024-06-01 14:31:31,361 - INFO - Loading file NYCTAXI202310-202403.od
2024-06-01 14:33:58,030 - INFO - Loaded file NYCTAXI202310-202403.od, shape=(4391, 263, 263, 1)
2024-06-01 14:35:18,895 - INFO - Dataset created
2024-06-01 14:35:18,895 - INFO - x shape: (4383, 8, 263, 263, 1), y shape: (4383, 1, 263, 263, 1)
2024-06-01 14:35:18,937 - INFO - train	x: (3506, 8, 263, 263, 1), y: (3506, 1, 263, 263, 1)
2024-06-01 14:35:18,938 - INFO - eval	x: (439, 8, 263, 263, 1), y: (439, 1, 263, 263, 1)
2024-06-01 14:35:18,938 - INFO - test	x: (438, 8, 263, 263, 1), y: (438, 1, 263, 263, 1)
2024-06-01 14:36:56,827 - INFO - Saved at ./libcity/cache/dataset_cache/od_based_NYCTAXI_OD_8_1_0.8_0.1_minmax01_64_False_True_False_True.npz
2024-06-01 14:37:00,888 - INFO - MinMax01Scaler max: 103.0, min: 0.0
2024-06-01 14:37:00,888 - INFO - NoneScaler
2024-06-01 14:37:23,723 - INFO - GEML(
  (GCN_ge): GCN(
    (gcn): ModuleList(
      (0-1): 2 x GraphConvolution(
        (activation): ReLU()
      )
    )
  )
  (GCN_se): GCN(
    (gcn): ModuleList(
      (0-1): 2 x GraphConvolution(
        (activation): ReLU()
      )
    )
  )
  (LSTM): SLSTM(
    (f_gate): Sequential(
      (0): Linear(in_features=512, out_features=256, bias=True)
      (1): Softmax(dim=1)
    )
    (i_gate): Sequential(
      (0): Linear(in_features=512, out_features=256, bias=True)
      (1): Softmax(dim=1)
    )
    (o_gate): Sequential(
      (0): Linear(in_features=512, out_features=256, bias=True)
      (1): Softmax(dim=1)
    )
    (g_gate): Sequential(
      (0): Linear(in_features=512, out_features=256, bias=True)
      (1): Tanh()
    )
    (tanh): Tanh()
  )
  (mutiLearning): MutiLearning()
)
2024-06-01 14:37:23,724 - INFO - GCN_ge.gcn.0.weight	torch.Size([263, 128])	cuda:1	True
2024-06-01 14:37:23,725 - INFO - GCN_ge.gcn.1.weight	torch.Size([128, 128])	cuda:1	True
2024-06-01 14:37:23,725 - INFO - GCN_se.gcn.0.weight	torch.Size([263, 128])	cuda:1	True
2024-06-01 14:37:23,725 - INFO - GCN_se.gcn.1.weight	torch.Size([128, 128])	cuda:1	True
2024-06-01 14:37:23,725 - INFO - LSTM.f_gate.0.weight	torch.Size([256, 512])	cuda:1	True
2024-06-01 14:37:23,725 - INFO - LSTM.f_gate.0.bias	torch.Size([256])	cuda:1	True
2024-06-01 14:37:23,725 - INFO - LSTM.i_gate.0.weight	torch.Size([256, 512])	cuda:1	True
2024-06-01 14:37:23,725 - INFO - LSTM.i_gate.0.bias	torch.Size([256])	cuda:1	True
2024-06-01 14:37:23,725 - INFO - LSTM.o_gate.0.weight	torch.Size([256, 512])	cuda:1	True
2024-06-01 14:37:23,725 - INFO - LSTM.o_gate.0.bias	torch.Size([256])	cuda:1	True
2024-06-01 14:37:23,725 - INFO - LSTM.g_gate.0.weight	torch.Size([256, 512])	cuda:1	True
2024-06-01 14:37:23,725 - INFO - LSTM.g_gate.0.bias	torch.Size([256])	cuda:1	True
2024-06-01 14:37:23,725 - INFO - mutiLearning.transition	torch.Size([256, 256])	cuda:1	True
2024-06-01 14:37:23,725 - INFO - mutiLearning.project_in	torch.Size([256, 1])	cuda:1	True
2024-06-01 14:37:23,725 - INFO - mutiLearning.project_out	torch.Size([256, 1])	cuda:1	True
2024-06-01 14:37:23,725 - INFO - Total parameter numbers: 691456
2024-06-01 14:37:23,725 - INFO - You select `adam` optimizer.
2024-06-01 14:37:23,725 - WARNING - Received none train loss func and will use the loss func defined in the model.
2024-06-01 14:37:23,725 - INFO - Start training ...
2024-06-01 14:37:23,726 - INFO - num_batches:55
2024-06-01 14:40:14,896 - INFO - epoch complete!
2024-06-01 14:40:14,896 - INFO - evaluating now!
2024-06-01 14:40:35,471 - INFO - Epoch [0/100] train_loss: 632.9785, val_loss: 748.9063, lr: 0.001000, 191.75s
2024-06-01 14:40:35,485 - INFO - Saved model at 0
2024-06-01 14:40:35,485 - INFO - Val loss decrease from inf to 748.9063, saving to ./libcity/cache/53113/model_cache/GEML_NYCTAXI_OD_epoch0.tar
