2024-06-01 10:27:58,241 - INFO - Log directory: ./libcity/log
2024-06-01 10:27:58,242 - INFO - Begin pipeline, task=traffic_state_pred, model_name=GEML, dataset_name=NYCTAXI_OD, exp_id=81677
2024-06-01 10:27:58,242 - INFO - {'task': 'traffic_state_pred', 'model': 'GEML', 'dataset': 'NYCTAXI_OD', 'saved_model': True, 'train': True, 'seed': 0, 'gpu_id': 1, 'train_rate': 0.8, 'eval_rate': 0.1, 'max_epoch': 50, 'dataset_class': 'TrafficStateOdDataset', 'executor': 'GEMLExecutor', 'evaluator': 'TrafficStateEvaluator', 'embed_dim': 32, 'p_interval': 1, 'loss_p0': 0.5, 'loss_p1': 0.25, 'loss_p2': 0.25, 'scaler': 'minmax01', 'load_external': False, 'normal_external': False, 'ext_scaler': 'none', 'add_time_in_day': True, 'add_day_in_week': False, 'use_row_column': True, 'learner': 'adam', 'learning_rate': 0.001, 'weight_decay': 1e-06, 'lr_beta1': 0.9, 'lr_beta2': 0.999, 'lr_decay': False, 'clip_grad_norm': False, 'use_early_stop': True, 'patience': 50, 'batch_size': 64, 'cache_dataset': True, 'num_workers': 0, 'pad_with_last_sample': True, 'input_window': 5, 'output_window': 5, 'gpu': True, 'train_loss': 'none', 'epoch': 0, 'lr_epsilon': 1e-08, 'lr_alpha': 0.99, 'lr_momentum': 0, 'lr_scheduler': 'multisteplr', 'lr_decay_ratio': 0.1, 'steps': [5, 20, 40, 70], 'step_size': 10, 'lr_T_max': 30, 'lr_eta_min': 0, 'lr_patience': 10, 'lr_threshold': 0.0001, 'max_grad_norm': 1.0, 'log_level': 'INFO', 'log_every': 1, 'load_best_epoch': True, 'hyper_tune': False, 'metrics': ['MAE', 'MAPE', 'MSE', 'RMSE', 'masked_MAE', 'masked_MAPE', 'masked_MSE', 'masked_RMSE', 'R2', 'EVAR'], 'evaluator_mode': 'single', 'save_mode': ['csv'], 'geo': {'including_types': ['Polygon'], 'Polygon': {}}, 'od': {'including_types': ['state'], 'state': {'origin_id': 'geo_id', 'destination_id': 'geo_id', 'flow': 'num'}}, 'data_col': ['flow'], 'data_files': ['NYCTAXI202310-202403'], 'geo_file': 'NYCTAXI202310-202403', 'rel_file': 'NYCTAXI202310-202403', 'output_dim': 1, 'init_weight_inf_or_zero': 'inf', 'set_weight_link_or_dist': 'dist', 'calculate_weight_adj': True, 'weight_adj_epsilon': 0.1, 'time_intervals': 3600, 'device': device(type='cuda', index=1), 'exp_id': 81677}
2024-06-01 10:27:58,272 - INFO - Loaded file NYCTAXI202310-202403.geo, num_nodes=263
2024-06-01 10:27:58,291 - INFO - set_weight_link_or_dist: dist
2024-06-01 10:27:58,291 - INFO - init_weight_inf_or_zero: inf
2024-06-01 10:27:58,414 - INFO - Loaded file NYCTAXI202310-202403.rel, shape=(263, 263)
2024-06-01 10:27:58,414 - INFO - Start Calculate the weight by Gauss kernel!
2024-06-01 10:27:58,433 - INFO - set_weight_link_or_dist: dist
2024-06-01 10:27:58,434 - INFO - init_weight_inf_or_zero: inf
2024-06-01 10:27:58,554 - INFO - Loaded file NYCTAXI202310-202403.rel, shape=(263, 263)
2024-06-01 10:27:58,554 - INFO - Start Calculate the weight by Gauss kernel!
2024-06-01 10:27:58,555 - INFO - Loading ./libcity/cache/dataset_cache/od_based_NYCTAXI_OD_5_5_0.8_0.1_minmax01_64_False_True_False_True.npz
2024-06-01 10:28:40,778 - INFO - train	x: (3506, 5, 263, 263, 1), y: (3506, 5, 263, 263, 1)
2024-06-01 10:28:40,778 - INFO - eval	x: (438, 5, 263, 263, 1), y: (438, 5, 263, 263, 1)
2024-06-01 10:28:40,778 - INFO - test	x: (438, 5, 263, 263, 1), y: (438, 5, 263, 263, 1)
2024-06-01 10:28:46,233 - INFO - MinMax01Scaler max: 103.0, min: 0.0
2024-06-01 10:28:46,233 - INFO - NoneScaler
2024-06-01 10:29:22,359 - INFO - GEML(
  (GCN_ge): GCN(
    (gcn): ModuleList(
      (0-1): 2 x GraphConvolution(
        (activation): ReLU()
      )
    )
  )
  (GCN_se): GCN(
    (gcn): ModuleList(
      (0-1): 2 x GraphConvolution(
        (activation): ReLU()
      )
    )
  )
  (LSTM): SLSTM(
    (f_gate): Sequential(
      (0): Linear(in_features=128, out_features=64, bias=True)
      (1): Softmax(dim=1)
    )
    (i_gate): Sequential(
      (0): Linear(in_features=128, out_features=64, bias=True)
      (1): Softmax(dim=1)
    )
    (o_gate): Sequential(
      (0): Linear(in_features=128, out_features=64, bias=True)
      (1): Softmax(dim=1)
    )
    (g_gate): Sequential(
      (0): Linear(in_features=128, out_features=64, bias=True)
      (1): Tanh()
    )
    (tanh): Tanh()
  )
  (mutiLearning): MutiLearning()
)
2024-06-01 10:29:22,359 - INFO - GCN_ge.gcn.0.weight	torch.Size([263, 32])	cuda:1	True
2024-06-01 10:29:22,359 - INFO - GCN_ge.gcn.1.weight	torch.Size([32, 32])	cuda:1	True
2024-06-01 10:29:22,359 - INFO - GCN_se.gcn.0.weight	torch.Size([263, 32])	cuda:1	True
2024-06-01 10:29:22,359 - INFO - GCN_se.gcn.1.weight	torch.Size([32, 32])	cuda:1	True
2024-06-01 10:29:22,359 - INFO - LSTM.f_gate.0.weight	torch.Size([64, 128])	cuda:1	True
2024-06-01 10:29:22,359 - INFO - LSTM.f_gate.0.bias	torch.Size([64])	cuda:1	True
2024-06-01 10:29:22,359 - INFO - LSTM.i_gate.0.weight	torch.Size([64, 128])	cuda:1	True
2024-06-01 10:29:22,359 - INFO - LSTM.i_gate.0.bias	torch.Size([64])	cuda:1	True
2024-06-01 10:29:22,359 - INFO - LSTM.o_gate.0.weight	torch.Size([64, 128])	cuda:1	True
2024-06-01 10:29:22,359 - INFO - LSTM.o_gate.0.bias	torch.Size([64])	cuda:1	True
2024-06-01 10:29:22,359 - INFO - LSTM.g_gate.0.weight	torch.Size([64, 128])	cuda:1	True
2024-06-01 10:29:22,359 - INFO - LSTM.g_gate.0.bias	torch.Size([64])	cuda:1	True
2024-06-01 10:29:22,359 - INFO - mutiLearning.transition	torch.Size([64, 64])	cuda:1	True
2024-06-01 10:29:22,359 - INFO - mutiLearning.project_in	torch.Size([64, 1])	cuda:1	True
2024-06-01 10:29:22,359 - INFO - mutiLearning.project_out	torch.Size([64, 1])	cuda:1	True
2024-06-01 10:29:22,359 - INFO - Total parameter numbers: 56128
2024-06-01 10:29:22,360 - INFO - You select `adam` optimizer.
2024-06-01 10:29:22,360 - WARNING - Received none train loss func and will use the loss func defined in the model.
2024-06-01 10:29:22,360 - INFO - Start training ...
2024-06-01 10:29:22,360 - INFO - num_batches:55
2024-06-01 10:29:54,110 - INFO - epoch complete!
2024-06-01 10:29:54,111 - INFO - evaluating now!
2024-06-01 10:29:57,551 - INFO - Epoch [0/50] train_loss: 638.3407, val_loss: 745.0195, lr: 0.001000, 35.19s
2024-06-01 10:29:57,556 - INFO - Saved model at 0
2024-06-01 10:29:57,556 - INFO - Val loss decrease from inf to 745.0195, saving to ./libcity/cache/81677/model_cache/GEML_NYCTAXI_OD_epoch0.tar
2024-06-01 10:30:28,916 - INFO - epoch complete!
2024-06-01 10:30:28,917 - INFO - evaluating now!
2024-06-01 10:30:32,441 - INFO - Epoch [1/50] train_loss: 632.7537, val_loss: 744.9664, lr: 0.001000, 34.88s
2024-06-01 10:30:32,445 - INFO - Saved model at 1
2024-06-01 10:30:32,445 - INFO - Val loss decrease from 745.0195 to 744.9664, saving to ./libcity/cache/81677/model_cache/GEML_NYCTAXI_OD_epoch1.tar
2024-06-01 10:31:03,709 - INFO - epoch complete!
2024-06-01 10:31:03,710 - INFO - evaluating now!
2024-06-01 10:31:07,227 - INFO - Epoch [2/50] train_loss: 631.4071, val_loss: 738.0989, lr: 0.001000, 34.78s
2024-06-01 10:31:07,232 - INFO - Saved model at 2
2024-06-01 10:31:07,232 - INFO - Val loss decrease from 744.9664 to 738.0989, saving to ./libcity/cache/81677/model_cache/GEML_NYCTAXI_OD_epoch2.tar
2024-06-01 10:31:38,602 - INFO - epoch complete!
2024-06-01 10:31:38,603 - INFO - evaluating now!
2024-06-01 10:31:42,059 - INFO - Epoch [3/50] train_loss: 602.2184, val_loss: 689.6827, lr: 0.001000, 34.83s
2024-06-01 10:31:42,063 - INFO - Saved model at 3
2024-06-01 10:31:42,063 - INFO - Val loss decrease from 738.0989 to 689.6827, saving to ./libcity/cache/81677/model_cache/GEML_NYCTAXI_OD_epoch3.tar
2024-06-01 10:32:13,414 - INFO - epoch complete!
2024-06-01 10:32:13,415 - INFO - evaluating now!
2024-06-01 10:32:16,895 - INFO - Epoch [4/50] train_loss: 575.8322, val_loss: 700.6689, lr: 0.001000, 34.83s
2024-06-01 10:32:48,137 - INFO - epoch complete!
2024-06-01 10:32:48,139 - INFO - evaluating now!
2024-06-01 10:32:51,668 - INFO - Epoch [5/50] train_loss: 575.8778, val_loss: 676.7925, lr: 0.001000, 34.77s
2024-06-01 10:32:51,673 - INFO - Saved model at 5
2024-06-01 10:32:51,673 - INFO - Val loss decrease from 689.6827 to 676.7925, saving to ./libcity/cache/81677/model_cache/GEML_NYCTAXI_OD_epoch5.tar
2024-06-01 10:33:22,814 - INFO - epoch complete!
2024-06-01 10:33:22,815 - INFO - evaluating now!
2024-06-01 10:33:26,292 - INFO - Epoch [6/50] train_loss: 570.6828, val_loss: 670.6799, lr: 0.001000, 34.62s
2024-06-01 10:33:26,296 - INFO - Saved model at 6
2024-06-01 10:33:26,297 - INFO - Val loss decrease from 676.7925 to 670.6799, saving to ./libcity/cache/81677/model_cache/GEML_NYCTAXI_OD_epoch6.tar
2024-06-01 10:33:57,377 - INFO - epoch complete!
2024-06-01 10:33:57,378 - INFO - evaluating now!
2024-06-01 10:34:00,867 - INFO - Epoch [7/50] train_loss: 565.7110, val_loss: 660.5559, lr: 0.001000, 34.57s
2024-06-01 10:34:00,871 - INFO - Saved model at 7
2024-06-01 10:34:00,872 - INFO - Val loss decrease from 670.6799 to 660.5559, saving to ./libcity/cache/81677/model_cache/GEML_NYCTAXI_OD_epoch7.tar
2024-06-01 10:34:31,738 - INFO - epoch complete!
2024-06-01 10:34:31,739 - INFO - evaluating now!
2024-06-01 10:34:35,138 - INFO - Epoch [8/50] train_loss: 658.0678, val_loss: 741.6623, lr: 0.001000, 34.27s
2024-06-01 10:35:05,895 - INFO - epoch complete!
2024-06-01 10:35:05,896 - INFO - evaluating now!
2024-06-01 10:35:09,341 - INFO - Epoch [9/50] train_loss: 623.7162, val_loss: 734.8321, lr: 0.001000, 34.20s
2024-06-01 10:35:40,095 - INFO - epoch complete!
2024-06-01 10:35:40,095 - INFO - evaluating now!
2024-06-01 10:35:43,631 - INFO - Epoch [10/50] train_loss: 623.5340, val_loss: 734.4925, lr: 0.001000, 34.29s
