2024-05-31 11:53:52,987 - INFO - Log directory: ./libcity/log
2024-05-31 11:53:52,987 - INFO - Begin pipeline, task=traffic_state_pred, model_name=GEML, dataset_name=NYCTAXI_OD, exp_id=93567
2024-05-31 11:53:52,987 - INFO - {'task': 'traffic_state_pred', 'model': 'GEML', 'dataset': 'NYCTAXI_OD', 'saved_model': True, 'train': True, 'seed': 0, 'gpu_id': 0, 'train_rate': 0.8, 'eval_rate': 0.1, 'max_epoch': 10, 'dataset_class': 'TrafficStateOdDataset', 'executor': 'GEMLExecutor', 'evaluator': 'TrafficStateEvaluator', 'embed_dim': 32, 'p_interval': 1, 'loss_p0': 0.5, 'loss_p1': 0.25, 'loss_p2': 0.25, 'scaler': 'minmax01', 'load_external': False, 'normal_external': False, 'ext_scaler': 'none', 'add_time_in_day': True, 'add_day_in_week': False, 'use_row_column': True, 'learner': 'adam', 'learning_rate': 0.001, 'weight_decay': 1e-06, 'lr_beta1': 0.9, 'lr_beta2': 0.999, 'lr_decay': False, 'clip_grad_norm': False, 'use_early_stop': True, 'patience': 50, 'batch_size': 64, 'cache_dataset': True, 'num_workers': 0, 'pad_with_last_sample': True, 'input_window': 12, 'output_window': 12, 'gpu': True, 'train_loss': 'none', 'epoch': 0, 'lr_epsilon': 1e-08, 'lr_alpha': 0.99, 'lr_momentum': 0, 'lr_scheduler': 'multisteplr', 'lr_decay_ratio': 0.1, 'steps': [5, 20, 40, 70], 'step_size': 10, 'lr_T_max': 30, 'lr_eta_min': 0, 'lr_patience': 10, 'lr_threshold': 0.0001, 'max_grad_norm': 1.0, 'log_level': 'INFO', 'log_every': 1, 'load_best_epoch': True, 'hyper_tune': False, 'metrics': ['MAE', 'MAPE', 'MSE', 'RMSE', 'masked_MAE', 'masked_MAPE', 'masked_MSE', 'masked_RMSE', 'R2', 'EVAR'], 'evaluator_mode': 'single', 'save_mode': ['csv'], 'geo': {'including_types': ['Polygon'], 'Polygon': {}}, 'od': {'including_types': ['state'], 'state': {'origin_id': 'geo_id', 'destination_id': 'geo_id', 'flow': 'num'}}, 'data_col': ['flow'], 'data_files': ['NYCTAXI202310-202403'], 'geo_file': 'NYCTAXI202310-202403', 'rel_file': 'NYCTAXI202310-202403', 'output_dim': 1, 'init_weight_inf_or_zero': 'inf', 'set_weight_link_or_dist': 'dist', 'calculate_weight_adj': True, 'weight_adj_epsilon': 0.1, 'time_intervals': 3600, 'device': device(type='cuda', index=0), 'exp_id': 93567}
2024-05-31 11:53:53,030 - INFO - Loaded file NYCTAXI202310-202403.geo, num_nodes=263
2024-05-31 11:53:53,048 - INFO - set_weight_link_or_dist: dist
2024-05-31 11:53:53,048 - INFO - init_weight_inf_or_zero: inf
2024-05-31 11:53:53,166 - INFO - Loaded file NYCTAXI202310-202403.rel, shape=(263, 263)
2024-05-31 11:53:53,166 - INFO - Start Calculate the weight by Gauss kernel!
2024-05-31 11:53:53,184 - INFO - set_weight_link_or_dist: dist
2024-05-31 11:53:53,184 - INFO - init_weight_inf_or_zero: inf
2024-05-31 11:53:53,303 - INFO - Loaded file NYCTAXI202310-202403.rel, shape=(263, 263)
2024-05-31 11:53:53,303 - INFO - Start Calculate the weight by Gauss kernel!
2024-05-31 11:53:53,304 - INFO - Loading file NYCTAXI202310-202403.od
2024-05-31 12:00:19,672 - INFO - Loaded file NYCTAXI202310-202403.od, shape=(4391, 263, 263, 1)
2024-05-31 12:06:11,420 - INFO - Dataset created
2024-05-31 12:06:11,421 - INFO - x shape: (4368, 12, 263, 263, 1), y shape: (4368, 12, 263, 263, 1)
2024-05-31 12:06:12,025 - INFO - train	x: (3494, 12, 263, 263, 1), y: (3494, 12, 263, 263, 1)
2024-05-31 12:06:12,026 - INFO - eval	x: (437, 12, 263, 263, 1), y: (437, 12, 263, 263, 1)
2024-05-31 12:06:12,026 - INFO - test	x: (437, 12, 263, 263, 1), y: (437, 12, 263, 263, 1)
2024-05-31 12:10:36,083 - INFO - Saved at ./libcity/cache/dataset_cache/od_based_NYCTAXI_OD_12_12_0.8_0.1_minmax01_64_False_True_False_True.npz
2024-05-31 12:10:46,967 - INFO - MinMax01Scaler max: 103.0, min: 0.0
2024-05-31 12:10:46,967 - INFO - NoneScaler
2024-05-31 12:15:13,134 - INFO - GEML(
  (GCN_ge): GCN(
    (gcn): ModuleList(
      (0-1): 2 x GraphConvolution(
        (activation): ReLU()
      )
    )
  )
  (GCN_se): GCN(
    (gcn): ModuleList(
      (0-1): 2 x GraphConvolution(
        (activation): ReLU()
      )
    )
  )
  (LSTM): SLSTM(
    (f_gate): Sequential(
      (0): Linear(in_features=128, out_features=64, bias=True)
      (1): Softmax(dim=1)
    )
    (i_gate): Sequential(
      (0): Linear(in_features=128, out_features=64, bias=True)
      (1): Softmax(dim=1)
    )
    (o_gate): Sequential(
      (0): Linear(in_features=128, out_features=64, bias=True)
      (1): Softmax(dim=1)
    )
    (g_gate): Sequential(
      (0): Linear(in_features=128, out_features=64, bias=True)
      (1): Tanh()
    )
    (tanh): Tanh()
  )
  (mutiLearning): MutiLearning()
)
2024-05-31 12:15:13,135 - INFO - GCN_ge.gcn.0.weight	torch.Size([263, 32])	cuda:0	True
2024-05-31 12:15:13,135 - INFO - GCN_ge.gcn.1.weight	torch.Size([32, 32])	cuda:0	True
2024-05-31 12:15:13,135 - INFO - GCN_se.gcn.0.weight	torch.Size([263, 32])	cuda:0	True
2024-05-31 12:15:13,135 - INFO - GCN_se.gcn.1.weight	torch.Size([32, 32])	cuda:0	True
2024-05-31 12:15:13,135 - INFO - LSTM.f_gate.0.weight	torch.Size([64, 128])	cuda:0	True
2024-05-31 12:15:13,135 - INFO - LSTM.f_gate.0.bias	torch.Size([64])	cuda:0	True
2024-05-31 12:15:13,135 - INFO - LSTM.i_gate.0.weight	torch.Size([64, 128])	cuda:0	True
2024-05-31 12:15:13,135 - INFO - LSTM.i_gate.0.bias	torch.Size([64])	cuda:0	True
2024-05-31 12:15:13,135 - INFO - LSTM.o_gate.0.weight	torch.Size([64, 128])	cuda:0	True
2024-05-31 12:15:13,135 - INFO - LSTM.o_gate.0.bias	torch.Size([64])	cuda:0	True
2024-05-31 12:15:13,135 - INFO - LSTM.g_gate.0.weight	torch.Size([64, 128])	cuda:0	True
2024-05-31 12:15:13,135 - INFO - LSTM.g_gate.0.bias	torch.Size([64])	cuda:0	True
2024-05-31 12:15:13,135 - INFO - mutiLearning.transition	torch.Size([64, 64])	cuda:0	True
2024-05-31 12:15:13,136 - INFO - mutiLearning.project_in	torch.Size([64, 1])	cuda:0	True
2024-05-31 12:15:13,136 - INFO - mutiLearning.project_out	torch.Size([64, 1])	cuda:0	True
2024-05-31 12:15:13,136 - INFO - Total parameter numbers: 56128
2024-05-31 12:15:13,136 - INFO - You select `adam` optimizer.
2024-05-31 12:15:13,136 - WARNING - Received none train loss func and will use the loss func defined in the model.
2024-05-31 12:15:13,136 - INFO - Start training ...
2024-05-31 12:15:13,136 - INFO - num_batches:55
2024-05-31 12:16:57,077 - INFO - epoch complete!
2024-05-31 12:16:57,078 - INFO - evaluating now!
2024-05-31 12:17:02,331 - INFO - Epoch [0/10] train_loss: 672.1523, val_loss: 838.7139, lr: 0.001000, 109.19s
2024-05-31 12:17:02,362 - INFO - Saved model at 0
2024-05-31 12:17:02,363 - INFO - Val loss decrease from inf to 838.7139, saving to ./libcity/cache/93567/model_cache/GEML_NYCTAXI_OD_epoch0.tar
2024-05-31 12:18:43,013 - INFO - epoch complete!
2024-05-31 12:18:43,013 - INFO - evaluating now!
2024-05-31 12:18:48,222 - INFO - Epoch [1/10] train_loss: 721.1041, val_loss: 832.6032, lr: 0.001000, 105.86s
2024-05-31 12:18:48,227 - INFO - Saved model at 1
2024-05-31 12:18:48,227 - INFO - Val loss decrease from 838.7139 to 832.6032, saving to ./libcity/cache/93567/model_cache/GEML_NYCTAXI_OD_epoch1.tar
2024-05-31 12:20:28,726 - INFO - epoch complete!
2024-05-31 12:20:28,726 - INFO - evaluating now!
2024-05-31 12:20:33,963 - INFO - Epoch [2/10] train_loss: 725.7854, val_loss: 788.7611, lr: 0.001000, 105.74s
2024-05-31 12:20:33,967 - INFO - Saved model at 2
2024-05-31 12:20:33,967 - INFO - Val loss decrease from 832.6032 to 788.7611, saving to ./libcity/cache/93567/model_cache/GEML_NYCTAXI_OD_epoch2.tar
2024-05-31 12:22:14,856 - INFO - epoch complete!
2024-05-31 12:22:14,857 - INFO - evaluating now!
2024-05-31 12:22:20,080 - INFO - Epoch [3/10] train_loss: 691.9763, val_loss: 755.0856, lr: 0.001000, 106.11s
2024-05-31 12:22:20,085 - INFO - Saved model at 3
2024-05-31 12:22:20,085 - INFO - Val loss decrease from 788.7611 to 755.0856, saving to ./libcity/cache/93567/model_cache/GEML_NYCTAXI_OD_epoch3.tar
2024-05-31 12:24:00,798 - INFO - epoch complete!
2024-05-31 12:24:00,798 - INFO - evaluating now!
2024-05-31 12:24:06,023 - INFO - Epoch [4/10] train_loss: 649.8498, val_loss: 747.9688, lr: 0.001000, 105.94s
2024-05-31 12:24:06,028 - INFO - Saved model at 4
2024-05-31 12:24:06,028 - INFO - Val loss decrease from 755.0856 to 747.9688, saving to ./libcity/cache/93567/model_cache/GEML_NYCTAXI_OD_epoch4.tar
2024-05-31 12:25:46,554 - INFO - epoch complete!
2024-05-31 12:25:46,555 - INFO - evaluating now!
2024-05-31 12:25:51,775 - INFO - Epoch [5/10] train_loss: 666.9495, val_loss: 817.5223, lr: 0.001000, 105.75s
2024-05-31 12:27:32,439 - INFO - epoch complete!
2024-05-31 12:27:32,439 - INFO - evaluating now!
2024-05-31 12:27:37,664 - INFO - Epoch [6/10] train_loss: 1373.5434, val_loss: 904.4630, lr: 0.001000, 105.89s
2024-05-31 12:29:18,277 - INFO - epoch complete!
2024-05-31 12:29:18,278 - INFO - evaluating now!
2024-05-31 12:29:23,507 - INFO - Epoch [7/10] train_loss: 1043.1591, val_loss: 1038.9867, lr: 0.001000, 105.84s
2024-05-31 12:31:03,973 - INFO - epoch complete!
2024-05-31 12:31:03,974 - INFO - evaluating now!
2024-05-31 12:31:09,211 - INFO - Epoch [8/10] train_loss: 823.7868, val_loss: 898.5993, lr: 0.001000, 105.70s
2024-05-31 12:32:49,737 - INFO - epoch complete!
2024-05-31 12:32:49,737 - INFO - evaluating now!
2024-05-31 12:32:54,962 - INFO - Epoch [9/10] train_loss: 732.0563, val_loss: 750.2525, lr: 0.001000, 105.75s
2024-05-31 12:32:54,962 - INFO - Trained totally 10 epochs, average train time is 100.948s, average eval time is 5.228s
2024-05-31 12:32:54,966 - INFO - Loaded model at 4
2024-05-31 12:32:54,967 - INFO - Saved model at ./libcity/cache/93567/model_cache/GEML_NYCTAXI_OD.m
2024-05-31 12:32:54,971 - INFO - Start evaluating ...
2024-05-31 12:34:58,033 - INFO - Note that you select the single mode to evaluate!
2024-05-31 12:34:58,076 - INFO - Evaluate result is saved at ./libcity/cache/93567/evaluate_cache/2024_05_31_12_34_58_GEML_NYCTAXI_OD.csv
2024-05-31 12:34:58,115 - INFO - 
         MAE  MAPE        MSE  ...  masked_RMSE         R2       EVAR
1   0.054865   inf   0.407165  ...     4.559449  -0.358865  -0.348831
2   0.059329   inf   0.652576  ...     3.997592  -1.172997  -1.168110
3   0.068867   inf   0.658265  ...     3.997588  -1.188452  -1.172711
4   0.285287   inf  12.444231  ...     4.023445 -40.508981 -40.239578
5   0.138331   inf   6.287537  ...     4.005896 -20.133619 -20.108110
6   0.093209   inf   2.447042  ...     3.982200  -7.230188  -7.200976
7   0.049789   inf   0.300590  ...     3.975500  -0.010238  -0.001985
8   0.064107   inf   0.852955  ...     3.969672  -1.872610  -1.858769
9   0.139492   inf   4.226165  ...     3.974982 -13.298035 -13.232261
10  0.133281   inf   5.675753  ...     3.968176 -18.197041 -18.137236
11  0.075094   inf   2.046492  ...     3.948200  -5.957612  -5.938472
12  0.130217   inf   4.117966  ...     3.960965 -12.826485 -12.769616

[12 rows x 10 columns]
