2024-06-01 10:52:18,747 - INFO - Log directory: ./libcity/log
2024-06-01 10:52:18,747 - INFO - Begin pipeline, task=traffic_state_pred, model_name=GEML, dataset_name=NYCTAXI_OD, exp_id=93938
2024-06-01 10:52:18,748 - INFO - {'task': 'traffic_state_pred', 'model': 'GEML', 'dataset': 'NYCTAXI_OD', 'saved_model': True, 'train': True, 'seed': 0, 'gpu_id': 1, 'train_rate': 0.8, 'eval_rate': 0.1, 'max_epoch': 50, 'dataset_class': 'TrafficStateOdDataset', 'executor': 'GEMLExecutor', 'evaluator': 'TrafficStateEvaluator', 'embed_dim': 32, 'p_interval': 1, 'loss_p0': 0.5, 'loss_p1': 0.25, 'loss_p2': 0.25, 'scaler': 'minmax01', 'load_external': False, 'normal_external': False, 'ext_scaler': 'none', 'add_time_in_day': True, 'add_day_in_week': False, 'use_row_column': True, 'learner': 'adam', 'learning_rate': 0.001, 'weight_decay': 1e-06, 'lr_beta1': 0.9, 'lr_beta2': 0.999, 'lr_decay': False, 'clip_grad_norm': False, 'use_early_stop': True, 'patience': 50, 'batch_size': 64, 'cache_dataset': True, 'num_workers': 0, 'pad_with_last_sample': True, 'input_window': 5, 'output_window': 5, 'gpu': True, 'train_loss': 'none', 'epoch': 0, 'lr_epsilon': 1e-08, 'lr_alpha': 0.99, 'lr_momentum': 0, 'lr_scheduler': 'multisteplr', 'lr_decay_ratio': 0.1, 'steps': [5, 20, 40, 70], 'step_size': 10, 'lr_T_max': 30, 'lr_eta_min': 0, 'lr_patience': 10, 'lr_threshold': 0.0001, 'max_grad_norm': 1.0, 'log_level': 'INFO', 'log_every': 1, 'load_best_epoch': True, 'hyper_tune': False, 'metrics': ['MAE', 'MAPE', 'MSE', 'RMSE', 'masked_MAE', 'masked_MAPE', 'masked_MSE', 'masked_RMSE', 'R2', 'EVAR'], 'evaluator_mode': 'single', 'save_mode': ['csv'], 'geo': {'including_types': ['Polygon'], 'Polygon': {}}, 'od': {'including_types': ['state'], 'state': {'origin_id': 'geo_id', 'destination_id': 'geo_id', 'flow': 'num'}}, 'data_col': ['flow'], 'data_files': ['NYCTAXI202310-202403'], 'geo_file': 'NYCTAXI202310-202403', 'rel_file': 'NYCTAXI202310-202403', 'output_dim': 1, 'init_weight_inf_or_zero': 'inf', 'set_weight_link_or_dist': 'dist', 'calculate_weight_adj': True, 'weight_adj_epsilon': 0.1, 'time_intervals': 3600, 'device': device(type='cuda', index=1), 'exp_id': 93938}
2024-06-01 10:52:18,778 - INFO - Loaded file NYCTAXI202310-202403.geo, num_nodes=263
2024-06-01 10:52:18,796 - INFO - set_weight_link_or_dist: dist
2024-06-01 10:52:18,796 - INFO - init_weight_inf_or_zero: inf
2024-06-01 10:52:18,914 - INFO - Loaded file NYCTAXI202310-202403.rel, shape=(263, 263)
2024-06-01 10:52:18,915 - INFO - Start Calculate the weight by Gauss kernel!
2024-06-01 10:52:18,935 - INFO - set_weight_link_or_dist: dist
2024-06-01 10:52:18,935 - INFO - init_weight_inf_or_zero: inf
2024-06-01 10:52:19,056 - INFO - Loaded file NYCTAXI202310-202403.rel, shape=(263, 263)
2024-06-01 10:52:19,056 - INFO - Start Calculate the weight by Gauss kernel!
2024-06-01 10:52:19,056 - INFO - Loading ./libcity/cache/dataset_cache/od_based_NYCTAXI_OD_5_5_0.8_0.1_minmax01_64_False_True_False_True.npz
2024-06-01 10:53:00,858 - INFO - train	x: (3506, 5, 263, 263, 1), y: (3506, 5, 263, 263, 1)
2024-06-01 10:53:00,858 - INFO - eval	x: (438, 5, 263, 263, 1), y: (438, 5, 263, 263, 1)
2024-06-01 10:53:00,858 - INFO - test	x: (438, 5, 263, 263, 1), y: (438, 5, 263, 263, 1)
2024-06-01 10:53:03,932 - INFO - MinMax01Scaler max: 103.0, min: 0.0
2024-06-01 10:53:03,932 - INFO - NoneScaler
2024-06-01 10:53:59,235 - INFO - GEML(
  (GCN_ge): GCN(
    (gcn): ModuleList(
      (0-1): 2 x GraphConvolution(
        (activation): ReLU()
      )
    )
  )
  (GCN_se): GCN(
    (gcn): ModuleList(
      (0-1): 2 x GraphConvolution(
        (activation): ReLU()
      )
    )
  )
  (LSTM): SLSTM(
    (f_gate): Sequential(
      (0): Linear(in_features=128, out_features=64, bias=True)
      (1): Softmax(dim=1)
    )
    (i_gate): Sequential(
      (0): Linear(in_features=128, out_features=64, bias=True)
      (1): Softmax(dim=1)
    )
    (o_gate): Sequential(
      (0): Linear(in_features=128, out_features=64, bias=True)
      (1): Softmax(dim=1)
    )
    (g_gate): Sequential(
      (0): Linear(in_features=128, out_features=64, bias=True)
      (1): Tanh()
    )
    (tanh): Tanh()
  )
  (mutiLearning): MutiLearning()
)
2024-06-01 10:53:59,235 - INFO - GCN_ge.gcn.0.weight	torch.Size([263, 32])	cuda:1	True
2024-06-01 10:53:59,235 - INFO - GCN_ge.gcn.1.weight	torch.Size([32, 32])	cuda:1	True
2024-06-01 10:53:59,235 - INFO - GCN_se.gcn.0.weight	torch.Size([263, 32])	cuda:1	True
2024-06-01 10:53:59,235 - INFO - GCN_se.gcn.1.weight	torch.Size([32, 32])	cuda:1	True
2024-06-01 10:53:59,235 - INFO - LSTM.f_gate.0.weight	torch.Size([64, 128])	cuda:1	True
2024-06-01 10:53:59,235 - INFO - LSTM.f_gate.0.bias	torch.Size([64])	cuda:1	True
2024-06-01 10:53:59,235 - INFO - LSTM.i_gate.0.weight	torch.Size([64, 128])	cuda:1	True
2024-06-01 10:53:59,235 - INFO - LSTM.i_gate.0.bias	torch.Size([64])	cuda:1	True
2024-06-01 10:53:59,236 - INFO - LSTM.o_gate.0.weight	torch.Size([64, 128])	cuda:1	True
2024-06-01 10:53:59,236 - INFO - LSTM.o_gate.0.bias	torch.Size([64])	cuda:1	True
2024-06-01 10:53:59,236 - INFO - LSTM.g_gate.0.weight	torch.Size([64, 128])	cuda:1	True
2024-06-01 10:53:59,236 - INFO - LSTM.g_gate.0.bias	torch.Size([64])	cuda:1	True
2024-06-01 10:53:59,236 - INFO - mutiLearning.transition	torch.Size([64, 64])	cuda:1	True
2024-06-01 10:53:59,236 - INFO - mutiLearning.project_in	torch.Size([64, 1])	cuda:1	True
2024-06-01 10:53:59,236 - INFO - mutiLearning.project_out	torch.Size([64, 1])	cuda:1	True
2024-06-01 10:53:59,236 - INFO - Total parameter numbers: 56128
2024-06-01 10:53:59,236 - INFO - You select `adam` optimizer.
2024-06-01 10:53:59,236 - WARNING - Received none train loss func and will use the loss func defined in the model.
2024-06-01 10:53:59,236 - INFO - Start training ...
2024-06-01 10:53:59,236 - INFO - num_batches:55
2024-06-01 10:54:33,896 - INFO - epoch complete!
2024-06-01 10:54:33,896 - INFO - evaluating now!
2024-06-01 10:54:37,590 - INFO - Epoch [0/50] train_loss: 638.3407, val_loss: 745.0195, lr: 0.001000, 38.35s
2024-06-01 10:54:37,595 - INFO - Saved model at 0
2024-06-01 10:54:37,595 - INFO - Val loss decrease from inf to 745.0195, saving to ./libcity/cache/93938/model_cache/GEML_NYCTAXI_OD_epoch0.tar
2024-06-01 10:55:13,077 - INFO - epoch complete!
2024-06-01 10:55:13,079 - INFO - evaluating now!
2024-06-01 10:55:16,707 - INFO - Epoch [1/50] train_loss: 632.7537, val_loss: 744.9664, lr: 0.001000, 39.11s
2024-06-01 10:55:16,712 - INFO - Saved model at 1
2024-06-01 10:55:16,712 - INFO - Val loss decrease from 745.0195 to 744.9664, saving to ./libcity/cache/93938/model_cache/GEML_NYCTAXI_OD_epoch1.tar
2024-06-01 10:55:48,562 - INFO - epoch complete!
2024-06-01 10:55:48,563 - INFO - evaluating now!
2024-06-01 10:55:52,202 - INFO - Epoch [2/50] train_loss: 631.4071, val_loss: 738.0989, lr: 0.001000, 35.49s
2024-06-01 10:55:52,207 - INFO - Saved model at 2
2024-06-01 10:55:52,207 - INFO - Val loss decrease from 744.9664 to 738.0989, saving to ./libcity/cache/93938/model_cache/GEML_NYCTAXI_OD_epoch2.tar
2024-06-01 10:56:23,974 - INFO - epoch complete!
2024-06-01 10:56:23,975 - INFO - evaluating now!
2024-06-01 10:56:27,621 - INFO - Epoch [3/50] train_loss: 602.2184, val_loss: 689.6827, lr: 0.001000, 35.41s
2024-06-01 10:56:27,625 - INFO - Saved model at 3
2024-06-01 10:56:27,625 - INFO - Val loss decrease from 738.0989 to 689.6827, saving to ./libcity/cache/93938/model_cache/GEML_NYCTAXI_OD_epoch3.tar
2024-06-01 10:56:59,658 - INFO - epoch complete!
2024-06-01 10:56:59,660 - INFO - evaluating now!
2024-06-01 10:57:03,225 - INFO - Epoch [4/50] train_loss: 575.8322, val_loss: 700.6689, lr: 0.001000, 35.60s
2024-06-01 10:57:35,042 - INFO - epoch complete!
2024-06-01 10:57:35,042 - INFO - evaluating now!
2024-06-01 10:57:38,678 - INFO - Epoch [5/50] train_loss: 575.8778, val_loss: 676.7925, lr: 0.001000, 35.45s
2024-06-01 10:57:38,682 - INFO - Saved model at 5
2024-06-01 10:57:38,683 - INFO - Val loss decrease from 689.6827 to 676.7925, saving to ./libcity/cache/93938/model_cache/GEML_NYCTAXI_OD_epoch5.tar
2024-06-01 10:58:10,283 - INFO - epoch complete!
2024-06-01 10:58:10,283 - INFO - evaluating now!
2024-06-01 10:58:13,840 - INFO - Epoch [6/50] train_loss: 570.6828, val_loss: 670.6799, lr: 0.001000, 35.16s
2024-06-01 10:58:13,844 - INFO - Saved model at 6
2024-06-01 10:58:13,844 - INFO - Val loss decrease from 676.7925 to 670.6799, saving to ./libcity/cache/93938/model_cache/GEML_NYCTAXI_OD_epoch6.tar
2024-06-01 10:58:45,066 - INFO - epoch complete!
2024-06-01 10:58:45,067 - INFO - evaluating now!
2024-06-01 10:58:48,599 - INFO - Epoch [7/50] train_loss: 565.7110, val_loss: 660.5559, lr: 0.001000, 34.75s
2024-06-01 10:58:48,603 - INFO - Saved model at 7
2024-06-01 10:58:48,603 - INFO - Val loss decrease from 670.6799 to 660.5559, saving to ./libcity/cache/93938/model_cache/GEML_NYCTAXI_OD_epoch7.tar
2024-06-01 10:59:19,993 - INFO - epoch complete!
2024-06-01 10:59:19,995 - INFO - evaluating now!
2024-06-01 10:59:23,536 - INFO - Epoch [8/50] train_loss: 658.0678, val_loss: 741.6623, lr: 0.001000, 34.93s
2024-06-01 10:59:54,602 - INFO - epoch complete!
2024-06-01 10:59:54,603 - INFO - evaluating now!
2024-06-01 10:59:58,148 - INFO - Epoch [9/50] train_loss: 623.7162, val_loss: 734.8321, lr: 0.001000, 34.61s
2024-06-01 11:00:29,321 - INFO - epoch complete!
2024-06-01 11:00:29,322 - INFO - evaluating now!
2024-06-01 11:00:32,854 - INFO - Epoch [10/50] train_loss: 623.5340, val_loss: 734.4925, lr: 0.001000, 34.71s
2024-06-01 11:01:04,082 - INFO - epoch complete!
2024-06-01 11:01:04,083 - INFO - evaluating now!
2024-06-01 11:01:07,598 - INFO - Epoch [11/50] train_loss: 604.8052, val_loss: 701.1271, lr: 0.001000, 34.74s
2024-06-01 11:01:38,730 - INFO - epoch complete!
2024-06-01 11:01:38,731 - INFO - evaluating now!
2024-06-01 11:01:42,255 - INFO - Epoch [12/50] train_loss: 590.2699, val_loss: 715.8129, lr: 0.001000, 34.66s
2024-06-01 11:02:13,306 - INFO - epoch complete!
2024-06-01 11:02:13,307 - INFO - evaluating now!
2024-06-01 11:02:16,846 - INFO - Epoch [13/50] train_loss: 576.6353, val_loss: 674.0861, lr: 0.001000, 34.59s
